2023-09-06 11:02:05,584 [INFO] Activator:177 - 


2023-09-06 11:02:05,585 [INFO] Activator:178 - !SESSION log4j initialized
2023-09-06 11:02:25,009 [INFO] McuFinderGlobals:44 - Set McuFinder mode to 2 (CubeIDE integrated)
2023-09-06 11:02:25,362 [INFO] ApplicationProperties:181 - Using Application install path: D:\STM32CubeIDE_1.10.0\STM32CubeIDE\plugins\com.st.stm32cube.common.mx_6.6.0.202206222154
2023-09-06 11:02:25,379 [INFO] DbMcusXml:77 - Set database path to: D:\STM32CubeIDE_1.10.0\STM32CubeIDE\plugins\com.st.stm32cube.common.mx_6.6.0.202206222154\\db\/mcu/
2023-09-06 11:02:25,379 [INFO] ApiDb:269 - Set plugin database path to: D:\STM32CubeIDE_1.10.0\STM32CubeIDE\plugins\com.st.stm32cube.common.mx_6.6.0.202206222154\\db\/plugins/boardmanager/
2023-09-06 11:02:25,381 [WARN] ApiDb:254 - Overriding images path with different value:  => D:\STM32CubeIDE_1.10.0\STM32CubeIDE\plugins\com.st.stm32cube.common.mx_6.6.0.202206222154\\db\/plugins/mcufinder/images/
2023-09-06 11:02:25,440 [INFO] ApiDb:249 - Set database path to: C:\Users\Windows\.stmcufinder\plugins\mcufinder//mcu/
2023-09-06 11:02:25,442 [INFO] DbMcusAds:124 - Set database path to: C:\Users\Windows\.stmcufinder\plugins\mcufinder//mcu/
2023-09-06 11:02:25,451 [INFO] CrossReferenceDbSqlite:201 - Set database path to: C:\Users\Windows\.stmcufinder\plugins\mcufinder//mcu/cs/
2023-09-06 11:02:25,554 [INFO] RulesReader:61 - Compatibility file has been processed (282 Rules)
2023-09-06 11:02:25,636 [INFO] DbMcusXml:77 - Set database path to: D:\STM32CubeIDE_1.10.0\STM32CubeIDE\plugins\com.st.stm32cube.common.mx_6.6.0.202206222154\\db\/mcu/
2023-09-06 11:02:25,637 [INFO] ApiDb:269 - Set plugin database path to: D:\STM32CubeIDE_1.10.0\STM32CubeIDE\plugins\com.st.stm32cube.common.mx_6.6.0.202206222154\\db\/plugins/boardmanager/
2023-09-06 11:02:25,637 [INFO] ApiDb:256 - Set plugin images path to: D:\STM32CubeIDE_1.10.0\STM32CubeIDE\plugins\com.st.stm32cube.common.mx_6.6.0.202206222154\\db\/plugins/mcufinder/images/
2023-09-06 11:02:25,638 [WARN] DbFile:40 - Overriding database path with different value: C:\Users\Windows\.stmcufinder\plugins\mcufinder/ => C:\Users\Windows\.stmcufinder\plugins\mcufinder
2023-09-06 11:02:25,638 [INFO] ApiDb:249 - Set database path to: C:\Users\Windows\.stmcufinder\plugins\mcufinder//mcu/
2023-09-06 11:02:25,638 [WARN] DbFile:40 - Overriding database path with different value: C:\Users\Windows\.stmcufinder\plugins\mcufinder/ => C:\Users\Windows\.stmcufinder\plugins\mcufinder
2023-09-06 11:02:25,639 [INFO] DbMcusAds:124 - Set database path to: C:\Users\Windows\.stmcufinder\plugins\mcufinder//mcu/
2023-09-06 11:02:25,640 [WARN] DbFile:40 - Overriding database path with different value: C:\Users\Windows\.stmcufinder\plugins\mcufinder/ => C:\Users\Windows\.stmcufinder\plugins\mcufinder
2023-09-06 11:02:25,640 [WARN] DbFile:40 - Overriding database path with different value: C:\Users\Windows\.stmcufinder\plugins\mcufinder/ => C:\Users\Windows\.stmcufinder\plugins\mcufinder
2023-09-06 11:02:25,640 [INFO] CrossReferenceDbSqlite:201 - Set database path to: C:\Users\Windows\.stmcufinder\plugins\mcufinder//mcu/cs/
2023-09-06 11:02:25,709 [INFO] MainPanel:242 - HeapMemory: 268435456
2023-09-06 11:02:25,795 [INFO] DbMcusXml:77 - Set database path to: D:\STM32CubeIDE_1.10.0\STM32CubeIDE\plugins\com.st.stm32cube.common.mx_6.6.0.202206222154\\db\/mcu/
2023-09-06 11:02:25,795 [INFO] ApiDb:269 - Set plugin database path to: D:\STM32CubeIDE_1.10.0\STM32CubeIDE\plugins\com.st.stm32cube.common.mx_6.6.0.202206222154\\db\/plugins/boardmanager/
2023-09-06 11:02:25,795 [INFO] ApiDb:256 - Set plugin images path to: D:\STM32CubeIDE_1.10.0\STM32CubeIDE\plugins\com.st.stm32cube.common.mx_6.6.0.202206222154\\db\/plugins/mcufinder/images/
2023-09-06 11:02:25,795 [WARN] DbFile:40 - Overriding database path with different value: C:\Users\Windows\.stmcufinder\plugins\mcufinder/ => C:\Users\Windows\.stmcufinder\plugins\mcufinder
2023-09-06 11:02:25,796 [INFO] ApiDb:249 - Set database path to: C:\Users\Windows\.stmcufinder\plugins\mcufinder//mcu/
2023-09-06 11:02:25,796 [WARN] DbFile:40 - Overriding database path with different value: C:\Users\Windows\.stmcufinder\plugins\mcufinder/ => C:\Users\Windows\.stmcufinder\plugins\mcufinder
2023-09-06 11:02:25,796 [INFO] DbMcusAds:124 - Set database path to: C:\Users\Windows\.stmcufinder\plugins\mcufinder//mcu/
2023-09-06 11:02:25,796 [WARN] DbFile:40 - Overriding database path with different value: C:\Users\Windows\.stmcufinder\plugins\mcufinder/ => C:\Users\Windows\.stmcufinder\plugins\mcufinder
2023-09-06 11:02:25,796 [WARN] DbFile:40 - Overriding database path with different value: C:\Users\Windows\.stmcufinder\plugins\mcufinder/ => C:\Users\Windows\.stmcufinder\plugins\mcufinder
2023-09-06 11:02:25,796 [INFO] CrossReferenceDbSqlite:201 - Set database path to: C:\Users\Windows\.stmcufinder\plugins\mcufinder//mcu/cs/
2023-09-06 11:02:25,810 [INFO] ApplicationProperties:181 - Using Application install path: D:\STM32CubeIDE_1.10.0\STM32CubeIDE\plugins\com.st.stm32cube.common.mx_6.6.0.202206222154
2023-09-06 11:02:25,811 [INFO] PluginManage:193 - Search for loadable plugins [exclusion list=, ]
2023-09-06 11:02:25,813 [INFO] PluginManage:307 - Check plugin analytics
2023-09-06 11:02:25,944 [INFO] AnalyticsPlugin:262 - Accepted Software Licenses: 
2023-09-06 11:02:25,946 [INFO] AnalyticsPlugin:264 - Accepted CMSIS Pack Licenses: 
2023-09-06 11:02:25,946 [INFO] AnalyticsPlugin:266 - Accepted Firmware Licenses: 
2023-09-06 11:02:25,954 [INFO] PluginManage:356 - Loaded plugin analytics (category:tool,tabindex:-1)
2023-09-06 11:02:25,954 [INFO] PluginManage:307 - Check plugin cadmodel
2023-09-06 11:02:25,967 [INFO] CADModel:65 - Init CAD model plugin
2023-09-06 11:02:25,968 [INFO] PluginManage:356 - Loaded plugin cadmodel (category:power,tabindex:5)
2023-09-06 11:02:25,968 [INFO] PluginManage:307 - Check plugin clock
2023-09-06 11:02:25,985 [INFO] PluginManage:356 - Loaded plugin clock (category:base,tabindex:2)
2023-09-06 11:02:25,985 [INFO] PluginManage:307 - Check plugin ddr
2023-09-06 11:02:25,987 [INFO] PluginManage:356 - Loaded plugin ddr (category:tool,tabindex:6)
2023-09-06 11:02:25,987 [INFO] PluginManage:307 - Check plugin filemanager
2023-09-06 11:02:26,158 [INFO] PluginManage:356 - Loaded plugin filemanager (category:base,tabindex:10)
2023-09-06 11:02:26,158 [INFO] PluginManage:307 - Check plugin ipmanager
2023-09-06 11:02:26,165 [INFO] PluginManage:356 - Loaded plugin ipmanager (category:base,tabindex:5)
2023-09-06 11:02:26,165 [INFO] PluginManage:307 - Check plugin lpbam
2023-09-06 11:02:26,181 [INFO] PluginManage:356 - Loaded plugin lpbam (category:base,tabindex:0)
2023-09-06 11:02:26,181 [INFO] PluginManage:307 - Check plugin pinoutandconfiguration
2023-09-06 11:02:26,197 [INFO] PluginManage:356 - Loaded plugin pinoutandconfiguration (category:base,tabindex:1)
2023-09-06 11:02:26,197 [INFO] PluginManage:307 - Check plugin pinoutconfig
2023-09-06 11:02:26,231 [INFO] PluginManage:356 - Loaded plugin pinoutconfig (category:base,tabindex:0)
2023-09-06 11:02:26,231 [INFO] PluginManage:307 - Check plugin power
2023-09-06 11:02:26,248 [INFO] PluginManage:356 - Loaded plugin power (category:power,tabindex:4)
2023-09-06 11:02:26,248 [INFO] PluginManage:307 - Check plugin projectmanager
2023-09-06 11:02:26,262 [INFO] PluginManage:356 - Loaded plugin projectmanager (category:projectmanager,tabindex:3)
2023-09-06 11:02:26,263 [INFO] PluginManage:307 - Check plugin thirdparty
2023-09-06 11:02:26,476 [INFO] PluginManage:356 - Loaded plugin thirdparty (category:base,tabindex:-1)
2023-09-06 11:02:26,476 [INFO] PluginManage:307 - Check plugin tools
2023-09-06 11:02:26,476 [WARN] IntegrityCheckThread:82 - waiting for thirdparty lock release [integrity check]
2023-09-06 11:02:26,477 [INFO] IntegrityCheckThread:84 - entering critical section [integrity check]
2023-09-06 11:02:26,480 [INFO] ThirdPartyUpdaterWithRetryManager:70 - Updater plugin not ready yet. [1/15]
2023-09-06 11:02:26,501 [INFO] PluginManage:356 - Loaded plugin tools (category:base,tabindex:7)
2023-09-06 11:02:26,501 [INFO] PluginManage:307 - Check plugin tutovideos
2023-09-06 11:02:26,700 [INFO] PluginManage:356 - Loaded plugin tutovideos (category:base,tabindex:-1)
2023-09-06 11:02:26,700 [INFO] PluginManage:307 - Check plugin updater
2023-09-06 11:02:26,713 [INFO] PluginManage:356 - Loaded plugin updater (category:base,tabindex:12)
2023-09-06 11:02:26,714 [INFO] PluginManage:280 - PluginManage : Loaded plugins [15]
2023-09-06 11:02:26,918 [INFO] PinOutPanel:1468 - setPackage(No Configuration,No Configuration)
2023-09-06 11:02:26,970 [INFO] CADModel:98 - CPN selected for project level
2023-09-06 11:02:26,992 [INFO] IPUIPlugin:79 - create IPUIPlugin
2023-09-06 11:02:26,993 [INFO] PluginManager:217 - loadIPPluginJar : add adc
2023-09-06 11:02:27,021 [INFO] IPUIPlugin:79 - create IPUIPlugin
2023-09-06 11:02:27,021 [INFO] PluginManager:217 - loadIPPluginJar : add aes
2023-09-06 11:02:27,054 [INFO] IPUIPlugin:79 - create IPUIPlugin
2023-09-06 11:02:27,054 [INFO] PluginManager:217 - loadIPPluginJar : add can
2023-09-06 11:02:27,072 [INFO] IPUIPlugin:79 - create IPUIPlugin
2023-09-06 11:02:27,073 [INFO] PluginManager:217 - loadIPPluginJar : add comp
2023-09-06 11:02:27,098 [INFO] IPUIPlugin:79 - create IPUIPlugin
2023-09-06 11:02:27,098 [INFO] PluginManager:217 - loadIPPluginJar : add cryp
2023-09-06 11:02:27,122 [INFO] IPUIPlugin:79 - create IPUIPlugin
2023-09-06 11:02:27,122 [INFO] PluginManager:217 - loadIPPluginJar : add dfsdm
2023-09-06 11:02:27,136 [INFO] IPUIPlugin:79 - create IPUIPlugin
2023-09-06 11:02:27,137 [INFO] PluginManager:217 - loadIPPluginJar : add dma
2023-09-06 11:02:27,171 [INFO] IPUIPlugin:79 - create IPUIPlugin
2023-09-06 11:02:27,171 [INFO] PluginManager:217 - loadIPPluginJar : add dma3
2023-09-06 11:02:27,187 [INFO] IPUIPlugin:79 - create IPUIPlugin
2023-09-06 11:02:27,187 [INFO] PluginManager:217 - loadIPPluginJar : add fatfs
2023-09-06 11:02:27,222 [INFO] IPUIPlugin:79 - create IPUIPlugin
2023-09-06 11:02:27,222 [INFO] PluginManager:217 - loadIPPluginJar : add fmc
2023-09-06 11:02:27,235 [INFO] IPUIPlugin:79 - create IPUIPlugin
2023-09-06 11:02:27,236 [INFO] PluginManager:217 - loadIPPluginJar : add freertos
2023-09-06 11:02:27,252 [INFO] IPUIPlugin:79 - create IPUIPlugin
2023-09-06 11:02:27,252 [INFO] PluginManager:217 - loadIPPluginJar : add genericplugin
2023-09-06 11:02:27,320 [INFO] IPUIPlugin:79 - create IPUIPlugin
2023-09-06 11:02:27,320 [INFO] PluginManager:217 - loadIPPluginJar : add gfxmmu
2023-09-06 11:02:27,416 [INFO] IPUIPlugin:79 - create IPUIPlugin
2023-09-06 11:02:27,416 [INFO] PluginManager:217 - loadIPPluginJar : add gic
2023-09-06 11:02:27,427 [INFO] IPUIPlugin:79 - create IPUIPlugin
2023-09-06 11:02:27,427 [INFO] PluginManager:217 - loadIPPluginJar : add gpio
2023-09-06 11:02:27,489 [INFO] IPUIPlugin:79 - create IPUIPlugin
2023-09-06 11:02:27,489 [INFO] PluginManager:217 - loadIPPluginJar : add gtzc
2023-09-06 11:02:27,513 [INFO] IPUIPlugin:79 - create IPUIPlugin
2023-09-06 11:02:27,513 [INFO] PluginManager:217 - loadIPPluginJar : add hash
2023-09-06 11:02:27,551 [INFO] IPUIPlugin:79 - create IPUIPlugin
2023-09-06 11:02:27,552 [INFO] PluginManager:217 - loadIPPluginJar : add i2c
2023-09-06 11:02:27,581 [INFO] IPUIPlugin:79 - create IPUIPlugin
2023-09-06 11:02:27,582 [INFO] PluginManager:217 - loadIPPluginJar : add i2s
2023-09-06 11:02:27,661 [INFO] IPUIPlugin:79 - create IPUIPlugin
2023-09-06 11:02:27,662 [INFO] PluginManager:217 - loadIPPluginJar : add ipddr
2023-09-06 11:02:27,728 [INFO] IPUIPlugin:79 - create IPUIPlugin
2023-09-06 11:02:27,728 [INFO] PluginManager:217 - loadIPPluginJar : add linkedlist
2023-09-06 11:02:27,754 [INFO] IPUIPlugin:79 - create IPUIPlugin
2023-09-06 11:02:27,754 [INFO] PluginManager:217 - loadIPPluginJar : add lorawan
2023-09-06 11:02:27,781 [INFO] IPUIPlugin:79 - create IPUIPlugin
2023-09-06 11:02:27,781 [INFO] PluginManager:217 - loadIPPluginJar : add ltdc
2023-09-06 11:02:27,793 [INFO] IPUIPlugin:79 - create IPUIPlugin
2023-09-06 11:02:27,794 [INFO] PluginManager:217 - loadIPPluginJar : add mdma
2023-09-06 11:02:27,804 [INFO] IPUIPlugin:79 - create IPUIPlugin
2023-09-06 11:02:27,804 [INFO] PluginManager:217 - loadIPPluginJar : add nvic
2023-09-06 11:02:27,831 [INFO] IPUIPlugin:79 - create IPUIPlugin
2023-09-06 11:02:27,831 [INFO] PluginManager:217 - loadIPPluginJar : add opamp
2023-09-06 11:02:27,876 [INFO] IPUIPlugin:79 - create IPUIPlugin
2023-09-06 11:02:27,876 [INFO] PluginManager:217 - loadIPPluginJar : add openamp
2023-09-06 11:02:27,908 [INFO] IPUIPlugin:79 - create IPUIPlugin
2023-09-06 11:02:27,909 [INFO] PluginManager:217 - loadIPPluginJar : add pdm2pcm
2023-09-06 11:02:27,922 [INFO] IPUIPlugin:79 - create IPUIPlugin
2023-09-06 11:02:27,924 [INFO] PluginManager:217 - loadIPPluginJar : add plateformsettings
2023-09-06 11:02:27,943 [INFO] IPUIPlugin:79 - create IPUIPlugin
2023-09-06 11:02:27,943 [INFO] PluginManager:217 - loadIPPluginJar : add quadspi
2023-09-06 11:02:27,954 [INFO] IPUIPlugin:79 - create IPUIPlugin
2023-09-06 11:02:27,955 [INFO] PluginManager:217 - loadIPPluginJar : add resmgrutility
2023-09-06 11:02:27,994 [INFO] IPUIPlugin:79 - create IPUIPlugin
2023-09-06 11:02:27,994 [INFO] PluginManager:217 - loadIPPluginJar : add sai
2023-09-06 11:02:28,023 [INFO] IPUIPlugin:79 - create IPUIPlugin
2023-09-06 11:02:28,023 [INFO] PluginManager:217 - loadIPPluginJar : add spi
2023-09-06 11:02:28,064 [INFO] IPUIPlugin:79 - create IPUIPlugin
2023-09-06 11:02:28,065 [INFO] PluginManager:217 - loadIPPluginJar : add stm32_wpan
2023-09-06 11:02:28,083 [INFO] IPUIPlugin:79 - create IPUIPlugin
2023-09-06 11:02:28,083 [INFO] PluginManager:217 - loadIPPluginJar : add tim
2023-09-06 11:02:28,125 [INFO] IPUIPlugin:79 - create IPUIPlugin
2023-09-06 11:02:28,125 [INFO] PluginManager:217 - loadIPPluginJar : add touchsensing
2023-09-06 11:02:28,142 [INFO] IPUIPlugin:79 - create IPUIPlugin
2023-09-06 11:02:28,143 [INFO] PluginManager:217 - loadIPPluginJar : add tracer_emb
2023-09-06 11:02:28,160 [INFO] IPUIPlugin:79 - create IPUIPlugin
2023-09-06 11:02:28,160 [INFO] PluginManager:217 - loadIPPluginJar : add ts
2023-09-06 11:02:28,177 [INFO] IPUIPlugin:79 - create IPUIPlugin
2023-09-06 11:02:28,177 [INFO] PluginManager:217 - loadIPPluginJar : add tsc
2023-09-06 11:02:28,194 [INFO] IPUIPlugin:79 - create IPUIPlugin
2023-09-06 11:02:28,195 [INFO] PluginManager:217 - loadIPPluginJar : add ucpd
2023-09-06 11:02:28,227 [INFO] IPUIPlugin:79 - create IPUIPlugin
2023-09-06 11:02:28,227 [INFO] PluginManager:217 - loadIPPluginJar : add usart
2023-09-06 11:02:28,260 [INFO] IPUIPlugin:79 - create IPUIPlugin
2023-09-06 11:02:28,260 [INFO] PluginManager:217 - loadIPPluginJar : add usbx
2023-09-06 11:02:28,511 [FATAL] Updater:301 - Updater called before beeing initialized
2023-09-06 11:02:28,621 [FATAL] Updater:301 - Updater called before beeing initialized
2023-09-06 11:02:28,636 [INFO] DbMcusAds:52 - JSON generation date=Tue Mar 07 15:50:55 ICT 2023 (1678179055335)
2023-09-06 11:02:28,636 [FATAL] Updater:301 - Updater called before beeing initialized
2023-09-06 11:02:28,716 [WARN] DetailPanel:344 - Failed to get advertising image, set to default
2023-09-06 11:02:28,820 [FATAL] Updater:301 - Updater called before beeing initialized
2023-09-06 11:02:28,821 [FATAL] Updater:301 - Updater called before beeing initialized
2023-09-06 11:02:28,822 [FATAL] Updater:301 - Updater called before beeing initialized
2023-09-06 11:02:28,822 [WARN] DetailPanel:344 - Failed to get advertising image, set to default
2023-09-06 11:02:28,822 [FATAL] Updater:301 - Updater called before beeing initialized
2023-09-06 11:02:28,890 [ERROR] Updater:1105 - MainUpdater not yet initialized. External WinMGr cannot be set.
2023-09-06 11:02:28,899 [INFO] Updater:1041 - Updater Version found : 6.6.0
2023-09-06 11:02:28,912 [INFO] ApplicationProperties:181 - Using Application install path: D:\STM32CubeIDE_1.10.0\STM32CubeIDE\plugins\com.st.stm32cube.common.mx_6.6.0.202206222154
2023-09-06 11:02:28,953 [INFO] MainUpdater:516 - Copy updater definitions from MX database
2023-09-06 11:02:29,320 [INFO] MainUpdater:2768 - connection check result : 10
2023-09-06 11:02:29,321 [INFO] MainUpdater:3453 - Updater definition file requires update
2023-09-06 11:02:29,321 [INFO] MainUpdater:280 - Updater Check For Update Now.
2023-09-06 11:02:29,322 [INFO] MicroXplorer:481 - Change Database Version : DB.6.0.60
2023-09-06 11:02:29,368 [INFO] ServerAccessManage:474 - Download File updaters.zip
2023-09-06 11:02:29,483 [WARN] MainUpdater:1184 - Updater busy. Cannot search thirdparties
2023-09-06 11:02:29,483 [INFO] ThirdPartyUpdaterWithRetryManager:96 - Updater plugin is busy. [1/15]
2023-09-06 11:02:29,596 [INFO] FileExtend:239 - Unzip File : updaters.zip
2023-09-06 11:02:29,596 [INFO] FileExtend:254 - Standard Zip Deflate
2023-09-06 11:02:30,057 [INFO] ServerAccessManage:474 - Download File PacksControlFlags.xml
2023-09-06 11:02:30,191 [INFO] ServerAccessManage:474 - Download File cubemx.pidx
2023-09-06 11:02:30,497 [ERROR] LogOutputStream:74 - [STDERR_REDIRECT] SLF4J: Failed to load class "org.slf4j.impl.StaticLoggerBinder".
2023-09-06 11:02:30,498 [ERROR] LogOutputStream:74 - [STDERR_REDIRECT] SLF4J: Defaulting to no-operation (NOP) logger implementation
2023-09-06 11:02:30,499 [ERROR] LogOutputStream:74 - [STDERR_REDIRECT] SLF4J: See http://www.slf4j.org/codes.html#StaticLoggerBinder for further details.
2023-09-06 11:02:30,569 [INFO] ServerAccessManage:474 - Download File STMicroelectronics.FP-SNS-FLIGHT1.pdsc
2023-09-06 11:02:30,789 [INFO] ServerAccessManage:474 - Download File STMicroelectronics.FP-SNS-MOTENV1.pdsc
2023-09-06 11:02:31,058 [INFO] ServerAccessManage:474 - Download File STMicroelectronics.X-CUBE-AI.pdsc
2023-09-06 11:02:32,082 [INFO] ServerAccessManage:474 - Download File STMicroelectronics.X-CUBE-BLE1.pdsc
2023-09-06 11:02:32,483 [WARN] MainUpdater:1184 - Updater busy. Cannot search thirdparties
2023-09-06 11:02:32,483 [INFO] ThirdPartyUpdaterWithRetryManager:96 - Updater plugin is busy. [2/15]
2023-09-06 11:02:33,373 [ERROR] ServerAccessManage:1090 - Problem, file not found on Server
2023-09-06 11:02:33,506 [INFO] ServerAccessManage:474 - Download File STMicroelectronics.X-CUBE-FREERTOS.pdsc
2023-09-06 11:02:33,818 [INFO] ServerAccessManage:474 - Download File STMicroelectronics.X-CUBE-MEMS1.pdsc
2023-09-06 11:02:35,246 [INFO] ServerAccessManage:474 - Download File STMicroelectronics.X-CUBE-NFC7.pdsc
2023-09-06 11:02:35,483 [WARN] MainUpdater:1184 - Updater busy. Cannot search thirdparties
2023-09-06 11:02:35,484 [INFO] ThirdPartyUpdaterWithRetryManager:96 - Updater plugin is busy. [3/15]
2023-09-06 11:02:35,660 [INFO] ServerAccessManage:474 - Download File STMicroelectronics.X-CUBE-TOF1.pdsc
2023-09-06 11:02:36,695 [ERROR] ServerAccessManage:1090 - Problem, file not found on Server
2023-09-06 11:02:36,856 [INFO] ServerAccessManage:474 - Download File STMicroelectronics.X-CUBE-TOUCHGFX.pdsc
2023-09-06 11:02:38,484 [WARN] MainUpdater:1184 - Updater busy. Cannot search thirdparties
2023-09-06 11:02:38,484 [INFO] ThirdPartyUpdaterWithRetryManager:96 - Updater plugin is busy. [4/15]
2023-09-06 11:02:38,734 [INFO] ServerAccessManage:474 - Download File STMicroelectronics.X-CUBE-AZRTOS-L4.pdsc
2023-09-06 11:02:39,448 [INFO] ServerAccessManage:474 - Download File STMicroelectronics.X-CUBE-AZRTOS-L5.pdsc
2023-09-06 11:02:40,231 [INFO] ServerAccessManage:474 - Download File STMicroelectronics.X-CUBE-AZRTOS-G4.pdsc
2023-09-06 11:02:40,846 [INFO] ServerAccessManage:474 - Download File STMicroelectronics.X-CUBE-AZRTOS-WB.pdsc
2023-09-06 11:02:41,321 [INFO] ServerAccessManage:474 - Download File STMicroelectronics.X-CUBE-AZRTOS-WL.pdsc
2023-09-06 11:02:41,485 [WARN] MainUpdater:1184 - Updater busy. Cannot search thirdparties
2023-09-06 11:02:41,485 [INFO] ThirdPartyUpdaterWithRetryManager:96 - Updater plugin is busy. [5/15]
2023-09-06 11:02:41,840 [WARN] PackLoader:242 - Cannot read IP mode file for STMicroelectronics.FP-SNS-FLIGHT1.5.0.2
2023-09-06 11:02:41,845 [WARN] PackLoader:242 - Cannot read IP mode file for STMicroelectronics.FP-SNS-MOTENV1.4.3.2
2023-09-06 11:02:41,854 [WARN] PackLoader:242 - Cannot read IP mode file for STMicroelectronics.X-CUBE-AI.8.1.0
2023-09-06 11:02:41,864 [WARN] PackLoader:242 - Cannot read IP mode file for STMicroelectronics.X-CUBE-BLE1.7.0.0
2023-09-06 11:02:41,872 [WARN] PackLoader:242 - Cannot read IP mode file for STMicroelectronics.X-CUBE-FREERTOS.1.1.0
2023-09-06 11:02:41,930 [WARN] PackLoader:242 - Cannot read IP mode file for STMicroelectronics.X-CUBE-MEMS1.9.6.0
2023-09-06 11:02:41,953 [INFO] CheckServerUpdateThread:119 - End of CheckServer Thread
2023-09-06 11:02:41,997 [INFO] MainUpdater:2768 - connection check result : 10
2023-09-06 11:02:42,018 [INFO] McuFinderGlobals:57 - Set McuFinderConnectedMode to true
2023-09-06 11:02:42,073 [WARN] PackLoader:242 - Cannot read IP mode file for STMicroelectronics.X-CUBE-NFC7.1.0.1
2023-09-06 11:02:42,083 [WARN] PackLoader:242 - Cannot read IP mode file for STMicroelectronics.X-CUBE-TOF1.3.3.1
2023-09-06 11:02:42,100 [WARN] PackLoader:242 - Cannot read IP mode file for STMicroelectronics.X-CUBE-TOUCHGFX.4.22.0
2023-09-06 11:02:42,122 [WARN] ConditionMgr:437 - getConditionDescription Invalid condition id : LAN8742 Phy interface Condition cause : null
2023-09-06 11:02:42,123 [WARN] PackLoader:242 - Cannot read IP mode file for STMicroelectronics.X-CUBE-AZRTOS-L4.2.0.0
2023-09-06 11:02:42,125 [WARN] ConditionMgr:1038 - genDependencies : Invalid condition id : LAN8742 Phy interface Condition cause : null
2023-09-06 11:02:42,125 [WARN] ConditionMgr:1038 - genDependencies : Invalid condition id : LAN8742 Phy interface Condition cause : null
2023-09-06 11:02:42,126 [WARN] ConditionMgr:1038 - genDependencies : Invalid condition id : LAN8742 Phy interface Condition cause : null
2023-09-06 11:02:42,138 [WARN] PackLoader:242 - Cannot read IP mode file for STMicroelectronics.X-CUBE-AZRTOS-L5.2.0.0
2023-09-06 11:02:42,150 [WARN] PackLoader:242 - Cannot read IP mode file for STMicroelectronics.X-CUBE-AZRTOS-G4.2.0.0
2023-09-06 11:02:42,161 [WARN] ConditionMgr:437 - getConditionDescription Invalid condition id : UX DEVICE CLASS RTOS Condition cause : null
2023-09-06 11:02:42,161 [WARN] ConditionMgr:437 - getConditionDescription Invalid condition id : UX DEVICE CLASS RTOS Condition cause : null
2023-09-06 11:02:42,163 [WARN] PackLoader:242 - Cannot read IP mode file for STMicroelectronics.X-CUBE-AZRTOS-WB.2.0.0
2023-09-06 11:02:42,164 [WARN] ConditionMgr:1038 - genDependencies : Invalid condition id : UX DEVICE CLASS RTOS Condition cause : null
2023-09-06 11:02:42,164 [WARN] ConditionMgr:1038 - genDependencies : Invalid condition id : UX DEVICE CLASS RTOS Condition cause : null
2023-09-06 11:02:42,165 [WARN] ConditionMgr:1038 - genDependencies : Invalid condition id : UX DEVICE CLASS RTOS Condition cause : null
2023-09-06 11:02:42,165 [WARN] ConditionMgr:1038 - genDependencies : Invalid condition id : UX DEVICE CLASS RTOS Condition cause : null
2023-09-06 11:02:42,165 [WARN] ConditionMgr:1038 - genDependencies : Invalid condition id : UX DEVICE CLASS RTOS Condition cause : null
2023-09-06 11:02:42,171 [INFO] LogOutputStream:76 - [STDOUT_REDIRECT] 1 : Invalid condition id : UX_CORESTACK_Condition cause : null
2023-09-06 11:02:42,172 [INFO] LogOutputStream:76 - [STDOUT_REDIRECT] 1 : Invalid condition id : UX_CORESTACK_Condition cause : null
2023-09-06 11:02:42,173 [INFO] LogOutputStream:76 - [STDOUT_REDIRECT] 1 : Invalid condition id : UX_CORESTACK_Condition cause : null
2023-09-06 11:02:42,174 [INFO] LogOutputStream:76 - [STDOUT_REDIRECT] 1 : Invalid condition id : UX_CORESTACK_Condition cause : null
2023-09-06 11:02:42,176 [INFO] LogOutputStream:76 - [STDOUT_REDIRECT] 1 : Invalid condition id : UX_CORESTACK_Condition cause : null
2023-09-06 11:02:42,178 [WARN] PackLoader:242 - Cannot read IP mode file for STMicroelectronics.X-CUBE-AZRTOS-WL.2.0.0
2023-09-06 11:02:42,179 [INFO] PopulateThirdPartyThread:64 - Ending populate Thread
2023-09-06 11:02:42,181 [INFO] ThirdParty:981 - CMSIS Pack Vendor :STMicroelectronics FP-SNS-MOTENV1 4.3.2
2023-09-06 11:02:42,181 [INFO] ThirdParty:981 - CMSIS Pack Vendor :STMicroelectronics X-CUBE-AZRTOS-WL 2.0.0
2023-09-06 11:02:42,181 [INFO] ThirdParty:981 - CMSIS Pack Vendor :STMicroelectronics X-CUBE-BLE1 7.0.0
2023-09-06 11:02:42,182 [INFO] ThirdParty:981 - CMSIS Pack Vendor :STMicroelectronics X-CUBE-AI 8.1.0
2023-09-06 11:02:42,182 [INFO] ThirdParty:981 - CMSIS Pack Vendor :STMicroelectronics X-CUBE-AZRTOS-L4 2.0.0
2023-09-06 11:02:42,182 [INFO] ThirdParty:981 - CMSIS Pack Vendor :STMicroelectronics X-CUBE-AZRTOS-WB 2.0.0
2023-09-06 11:02:42,182 [INFO] ThirdParty:981 - CMSIS Pack Vendor :STMicroelectronics X-CUBE-FREERTOS 1.1.0
2023-09-06 11:02:42,182 [INFO] ThirdParty:981 - CMSIS Pack Vendor :STMicroelectronics X-CUBE-NFC7 1.0.1
2023-09-06 11:02:42,182 [INFO] ThirdParty:981 - CMSIS Pack Vendor :STMicroelectronics X-CUBE-TOUCHGFX 4.22.0
2023-09-06 11:02:42,182 [INFO] ThirdParty:981 - CMSIS Pack Vendor :STMicroelectronics FP-SNS-FLIGHT1 5.0.2
2023-09-06 11:02:42,182 [INFO] ThirdParty:981 - CMSIS Pack Vendor :STMicroelectronics X-CUBE-TOF1 3.3.1
2023-09-06 11:02:42,182 [INFO] ThirdParty:981 - CMSIS Pack Vendor :STMicroelectronics X-CUBE-AZRTOS-L5 2.0.0
2023-09-06 11:02:42,182 [INFO] ThirdParty:981 - CMSIS Pack Vendor :STMicroelectronics X-CUBE-AZRTOS-G4 2.0.0
2023-09-06 11:02:42,182 [INFO] ThirdParty:981 - CMSIS Pack Vendor :STMicroelectronics X-CUBE-MEMS1 9.6.0
2023-09-06 11:02:42,183 [INFO] LoadServerUpdatesThread:367 - End of LoadServerUpdate Thread
2023-09-06 11:02:42,360 [INFO] ServerAccessManage:474 - Download File mcusAds.json._tmp_
2023-09-06 11:02:42,470 [INFO] LoadUrlFilesThread:150 - End of LoadUrlFiles Thread
2023-09-06 11:02:42,539 [INFO] ServerAccessManage:474 - Download File cube-finder-db.zip
2023-09-06 11:02:44,485 [WARN] MainUpdater:1184 - Updater busy. Cannot search thirdparties
2023-09-06 11:02:44,485 [INFO] ThirdPartyUpdaterWithRetryManager:96 - Updater plugin is busy. [6/15]
2023-09-06 11:02:47,487 [WARN] MainUpdater:1184 - Updater busy. Cannot search thirdparties
2023-09-06 11:02:47,487 [INFO] ThirdPartyUpdaterWithRetryManager:96 - Updater plugin is busy. [7/15]
2023-09-06 11:02:50,489 [WARN] MainUpdater:1184 - Updater busy. Cannot search thirdparties
2023-09-06 11:02:50,489 [INFO] ThirdPartyUpdaterWithRetryManager:96 - Updater plugin is busy. [8/15]
2023-09-06 11:02:53,489 [WARN] MainUpdater:1184 - Updater busy. Cannot search thirdparties
2023-09-06 11:02:53,489 [INFO] ThirdPartyUpdaterWithRetryManager:96 - Updater plugin is busy. [9/15]
2023-09-06 11:02:56,490 [WARN] MainUpdater:1184 - Updater busy. Cannot search thirdparties
2023-09-06 11:02:56,490 [INFO] ThirdPartyUpdaterWithRetryManager:96 - Updater plugin is busy. [10/15]
2023-09-06 11:02:59,490 [WARN] MainUpdater:1184 - Updater busy. Cannot search thirdparties
2023-09-06 11:02:59,490 [INFO] ThirdPartyUpdaterWithRetryManager:96 - Updater plugin is busy. [11/15]
2023-09-06 11:03:02,490 [WARN] MainUpdater:1184 - Updater busy. Cannot search thirdparties
2023-09-06 11:03:02,490 [INFO] ThirdPartyUpdaterWithRetryManager:96 - Updater plugin is busy. [12/15]
2023-09-06 11:03:05,490 [WARN] MainUpdater:1184 - Updater busy. Cannot search thirdparties
2023-09-06 11:03:05,490 [INFO] ThirdPartyUpdaterWithRetryManager:96 - Updater plugin is busy. [13/15]
2023-09-06 11:03:08,491 [WARN] MainUpdater:1184 - Updater busy. Cannot search thirdparties
2023-09-06 11:03:08,491 [INFO] ThirdPartyUpdaterWithRetryManager:96 - Updater plugin is busy. [14/15]
2023-09-06 11:03:08,887 [INFO] FileExtend:239 - Unzip File : cube-finder-db.zip
2023-09-06 11:03:08,887 [INFO] FileExtend:254 - Standard Zip Deflate
2023-09-06 11:03:09,552 [INFO] LoadUrlFilesThread:150 - End of LoadUrlFiles Thread
2023-09-06 11:03:10,789 [INFO] ServerAccessManage:474 - Download File crdb.zip
2023-09-06 11:03:11,491 [WARN] MainUpdater:1184 - Updater busy. Cannot search thirdparties
2023-09-06 11:03:11,491 [INFO] ThirdPartyUpdaterWithRetryManager:96 - Updater plugin is busy. [15/15]
2023-09-06 11:03:11,492 [ERROR] IntegrityCheckThread:128 - Cannot retrieve database content from updater: error -1
2023-09-06 11:03:11,494 [INFO] ThirdParty:929 - Integrity check success = false
2023-09-06 11:03:11,494 [INFO] IntegrityCheckThread:98 - exiting critical section [integrity check]
2023-09-06 11:03:11,494 [INFO] IntegrityCheckThread:101 - End integrity checks thread
2023-09-06 11:03:13,177 [INFO] FileExtend:239 - Unzip File : crdb.zip
2023-09-06 11:03:13,177 [INFO] FileExtend:254 - Standard Zip Deflate
2023-09-06 11:03:13,329 [INFO] LoadUrlFilesThread:150 - End of LoadUrlFiles Thread
2023-09-06 11:03:13,423 [INFO] ServerAccessManage:474 - Download File tutoVideoDB.zip
2023-09-06 11:03:13,549 [INFO] FileExtend:239 - Unzip File : tutoVideoDB.zip
2023-09-06 11:03:13,549 [INFO] FileExtend:254 - Standard Zip Deflate
2023-09-06 11:03:13,670 [INFO] LoadUrlFilesThread:150 - End of LoadUrlFiles Thread
2023-09-06 11:03:13,682 [INFO] JxBrowserEngine:106 - Initiate JxBrowser Engine with user profile folder
2023-09-06 11:03:13,862 [ERROR] JxBrowserEngine:59 - Can't initiate JxBrowser engine com.teamdev.jxbrowser.engine.ChromiumBinariesExtractionException: Failed to extract Chromium binaries into C:\Users\Windows\.stm32cubemx\.jxbrowser\Chromium
2023-09-06 11:03:13,862 [WARN] DbFile:40 - Overriding database path with different value: C:\Users\Windows\.stmcufinder\plugins\mcufinder/ => C:\Users\Windows\.stmcufinder\plugins\mcufinder
2023-09-06 11:03:13,889 [INFO] ServerAccessManage:474 - Download File api_config.json
2023-09-06 11:03:13,996 [INFO] LoadUrlFilesThread:150 - End of LoadUrlFiles Thread
2023-09-06 11:03:13,996 [INFO] DbMcusAds:52 - JSON generation date=Tue Mar 07 15:50:55 ICT 2023 (1678179055114)
2023-09-06 11:03:14,016 [INFO] LoadUrlFilesThread:177 - End of LoadServerUrlFiles without Thread
2023-09-06 11:03:14,016 [INFO] TargetSelectorAdapter:228 - Refresh data is successful
2023-09-06 11:03:14,111 [INFO] ApiDb:576 - Connected to CubeFinder SQLite database (C:\Users\Windows\.stmcufinder\plugins\mcufinder\mcu\cube-finder-db.db)
2023-09-06 11:03:14,165 [INFO] ApiDb:663 - CubeFinder database Data Model version=2.1
2023-09-06 11:03:14,165 [INFO] ApiDb:664 - CubeFinder database Configuration version=3.0.37
2023-09-06 11:03:14,165 [INFO] ApiDb:665 - CubeFinder database generation date=2023-08-09 (1691586011)
2023-09-06 11:03:14,166 [INFO] ApiDb:666 - CubeFinder database FW Pack versions=[FP-ATR-ASTRA1_V2.0.0, FP-SNS-FLIGHT1_V5.0.1, FP-SNS-FLIGHT1_V5.0.2, FP-SNS-MOTENV1_V4.3.1, FP-SNS-MOTENV1_V4.3.2, STM32Cube_FW_C0_V1.1.0, STM32Cube_FW_F4_V1.27.1, STM32Cube_FW_F7_V1.17.0, STM32Cube_FW_G0_V1.6.1, STM32Cube_FW_G4_V1.5.1, STM32Cube_FW_H5_V0.5.1, STM32Cube_FW_H5_V1.1.0, STM32Cube_FW_H7_V1.11.0, STM32Cube_FW_L0_V1.12.2, STM32Cube_FW_L5_V1.5.0, STM32Cube_FW_U5_V1.3.0, STM32Cube_FW_U5_V1.3.0RC4, STM32Cube_FW_WBA_V1.0.0RC1, STM32Cube_FW_WBA_V1.1.0, STM32Cube_FW_WBA_V1.1.0RC1, STM32Cube_FW_WB_V1.15.0RC1, STM32Cube_FW_WB_V1.16.0, STM32Cube_FW_WB_V1.16.0RC2, STM32Cube_FW_WB_V1.17.0, STM32Cube_FW_WL_V1.3.0, X-CUBE-ALGOBUILD_V1.3.0, X-CUBE-ALS_V1.0.1, X-CUBE-AZRTOS-F4_V1.1.0, X-CUBE-AZRTOS-F7_V1.1.0, X-CUBE-AZRTOS-G0_V1.1.0, X-CUBE-AZRTOS-G4_V2.0.0, X-CUBE-AZRTOS-H7_V3.1.0, X-CUBE-AZRTOS-L4_V1.0.0, X-CUBE-AZRTOS-L4_V2.0.0, X-CUBE-AZRTOS-L5_V1.1.0, X-CUBE-AZRTOS-WB_V1.1.0, X-CUBE-AZRTOS-WL_V2.0.0, X-CUBE-BLE1_V7.0.0, X-CUBE-BLE2_V3.3.0, X-CUBE-BLEMGR_V2.0.0, X-CUBE-EEPRMA1_V4.1.0, X-CUBE-FREERTOS_V1.1.0, X-CUBE-GNSS1_V6.0.0, X-CUBE-MEMS1_V9.1.0, X-CUBE-MEMS1_V9.4.0, X-CUBE-MEMS1_V9.6.0, X-CUBE-NFC4_V3.0.0, X-CUBE-NFC7_V1.0.0, X-CUBE-SFXS2LP1_V4.0.0, X-CUBE-SUBG2_V5.0.0, X-CUBE-TOF1_V3.3.1]
2023-09-06 11:03:15,904 [INFO] ApiDb:239 - Found 138 in-development CPN: [B-WB1M-WPAN1, NUCLEO-C031C6, STEVAL-STWINBX1, STM320518-EVAL, STM32C0116-DK, STM32C011D6Y3TR, STM32C011D6Y6TR, STM32C011F4P3, STM32C011F4P6, STM32C011F4U3, STM32C011F4U6TR, STM32C011F6P3, STM32C011F6P6, STM32C011F6U3, STM32C011F6U6TR, STM32C011J4M3, STM32C011J4M6, STM32C011J6M3, STM32C011J6M6, STM32C0316-DK, STM32C031C4T3, STM32C031C4T6, STM32C031C4U3, STM32C031C4U6, STM32C031C6T3, STM32C031C6T6, STM32C031C6U3, STM32C031C6U6, STM32C031F4P3, STM32C031F4P6, STM32C031F6P3, STM32C031F6P6, STM32C031G4U3, STM32C031G4U6, STM32C031G6U3, STM32C031G6U6, STM32C031K4T3, STM32C031K4T6, STM32C031K4U3, STM32C031K4U6, STM32C031K6T3, STM32C031K6T6, STM32C031K6U3, STM32C031K6U6, STM32G071K8TXN, STM32G071K8UXN, STM32G081GBU6N, STM32G081KBT6N, STM32G081KBUXN, STM32G0B1CCT6N, STM32G0B1KCT6, STM32G0B1NEY6TR, STM32G0B1RCT6N, STM32G0C1CCT6, STM32G0C1CCT6N, STM32G0C1CCU6N, STM32G0C1CET6N, STM32G0C1CEU6N, STM32G0C1KCT6, STM32G0C1NEY6TR, STM32G0C1RCI6N, STM32G0C1RCT6N, STM32G0C1REI6N, STM32G0C1RET6N, STM32G0C1VCI6, STM32G0C1VEI6, STM32G471CCT6, STM32G471CCU6, STM32G471CET3, STM32G471CET6, STM32G471CEU3, STM32G471CEU6, STM32G471MCT6, STM32G471MET3, STM32G471MET6, STM32G471MEY6TR, STM32G471QCT6, STM32G471QET3, STM32G471RCT6, STM32G471RET3, STM32G471RET6, STM32G471VCH6, STM32G471VCI6, STM32G471VCT6, STM32G471VEH3, STM32G471VEH6, STM32G471VEI3, STM32G471VEI6, STM32G471VET3, STM32G471VET6, STM32G474CCT6, STM32L476VGY6PTR, STM32L4R5QGI6STR, STM32MP131AAE3, STM32MP131AAF3, STM32MP131AAG3, STM32MP131CAE3, STM32MP131CAF3, STM32MP131CAG3, STM32MP131DAE7, STM32MP131DAF7, STM32MP131DAG7, STM32MP131FAE7, STM32MP131FAF7, STM32MP131FAG7, STM32MP133AAE3, STM32MP133AAF3, STM32MP133AAG3, STM32MP133CAE3, STM32MP133CAF3, STM32MP133CAG3, STM32MP133DAE7, STM32MP133DAF7, STM32MP133DAG7, STM32MP133FAE7, STM32MP133FAF7, STM32MP133FAG7, STM32MP135AAE3, STM32MP135AAF3, STM32MP135AAG3, STM32MP135CAE3, STM32MP135CAF3, STM32MP135CAG3, STM32MP135DAE7, STM32MP135DAF7, STM32MP135DAG7, STM32MP135F-DK, STM32MP135FAE7, STM32MP135FAF7, STM32MP135FAG7, STM32U595ZJT6Q, STM32U599BJY6QTR, STM32U599NIH6Q, STM32U599NJH6Q, STM32U5A5ZJT6Q, STM32U5A9BJY6QTR, STM32U5A9NJH6Q, STM32WB1MMCH6]
2023-09-06 11:03:15,908 [INFO] DbMcus:215 - Found 3805 MCUs, 3805 are supported
2023-09-06 11:03:15,910 [INFO] ApiDb:418 - Load user favorites file C:\Users\Windows/.stm32cubeide/favorites.mcus.txt: 0 item(s)
2023-09-06 11:03:15,910 [INFO] ApiDb:422 - User favorites MCUs=[]
2023-09-06 11:03:15,910 [INFO] DbMcus:221 - Set 0 / 0 favorites MCUs
2023-09-06 11:03:15,915 [INFO] ApiDb:663 - CubeFinder database Data Model version=2.1
2023-09-06 11:03:15,915 [INFO] ApiDb:664 - CubeFinder database Configuration version=3.0.37
2023-09-06 11:03:15,915 [INFO] ApiDb:665 - CubeFinder database generation date=2023-08-09 (1691586011)
2023-09-06 11:03:15,915 [INFO] ApiDb:666 - CubeFinder database FW Pack versions=[FP-ATR-ASTRA1_V2.0.0, FP-SNS-FLIGHT1_V5.0.1, FP-SNS-FLIGHT1_V5.0.2, FP-SNS-MOTENV1_V4.3.1, FP-SNS-MOTENV1_V4.3.2, STM32Cube_FW_C0_V1.1.0, STM32Cube_FW_F4_V1.27.1, STM32Cube_FW_F7_V1.17.0, STM32Cube_FW_G0_V1.6.1, STM32Cube_FW_G4_V1.5.1, STM32Cube_FW_H5_V0.5.1, STM32Cube_FW_H5_V1.1.0, STM32Cube_FW_H7_V1.11.0, STM32Cube_FW_L0_V1.12.2, STM32Cube_FW_L5_V1.5.0, STM32Cube_FW_U5_V1.3.0, STM32Cube_FW_U5_V1.3.0RC4, STM32Cube_FW_WBA_V1.0.0RC1, STM32Cube_FW_WBA_V1.1.0, STM32Cube_FW_WBA_V1.1.0RC1, STM32Cube_FW_WB_V1.15.0RC1, STM32Cube_FW_WB_V1.16.0, STM32Cube_FW_WB_V1.16.0RC2, STM32Cube_FW_WB_V1.17.0, STM32Cube_FW_WL_V1.3.0, X-CUBE-ALGOBUILD_V1.3.0, X-CUBE-ALS_V1.0.1, X-CUBE-AZRTOS-F4_V1.1.0, X-CUBE-AZRTOS-F7_V1.1.0, X-CUBE-AZRTOS-G0_V1.1.0, X-CUBE-AZRTOS-G4_V2.0.0, X-CUBE-AZRTOS-H7_V3.1.0, X-CUBE-AZRTOS-L4_V1.0.0, X-CUBE-AZRTOS-L4_V2.0.0, X-CUBE-AZRTOS-L5_V1.1.0, X-CUBE-AZRTOS-WB_V1.1.0, X-CUBE-AZRTOS-WL_V2.0.0, X-CUBE-BLE1_V7.0.0, X-CUBE-BLE2_V3.3.0, X-CUBE-BLEMGR_V2.0.0, X-CUBE-EEPRMA1_V4.1.0, X-CUBE-FREERTOS_V1.1.0, X-CUBE-GNSS1_V6.0.0, X-CUBE-MEMS1_V9.1.0, X-CUBE-MEMS1_V9.4.0, X-CUBE-MEMS1_V9.6.0, X-CUBE-NFC4_V3.0.0, X-CUBE-NFC7_V1.0.0, X-CUBE-SFXS2LP1_V4.0.0, X-CUBE-SUBG2_V5.0.0, X-CUBE-TOF1_V3.3.1]
2023-09-06 11:03:15,973 [INFO] DbBoardsSqlite:227 - include board P-NUCLEO-WB55-NUCLEO as a kit item of type 'Nucleo-64'
2023-09-06 11:03:15,973 [INFO] DbBoardsSqlite:227 - include board P-NUCLEO-WB55-USBDONGLE as a kit item of type 'Nucleo USB Dongle'
2023-09-06 11:03:15,973 [INFO] DbBoardsSqlite:227 - include board STEVAL-IDP005V1 as a kit item of type 'Evaluation Board'
2023-09-06 11:03:15,973 [INFO] DbBoardsSqlite:227 - include board STEVAL-IDP005V2 as a kit item of type 'Evaluation Board'
2023-09-06 11:03:16,014 [INFO] ApiDb:239 - Found 138 in-development CPN: [B-WB1M-WPAN1, NUCLEO-C031C6, STEVAL-STWINBX1, STM320518-EVAL, STM32C0116-DK, STM32C011D6Y3TR, STM32C011D6Y6TR, STM32C011F4P3, STM32C011F4P6, STM32C011F4U3, STM32C011F4U6TR, STM32C011F6P3, STM32C011F6P6, STM32C011F6U3, STM32C011F6U6TR, STM32C011J4M3, STM32C011J4M6, STM32C011J6M3, STM32C011J6M6, STM32C0316-DK, STM32C031C4T3, STM32C031C4T6, STM32C031C4U3, STM32C031C4U6, STM32C031C6T3, STM32C031C6T6, STM32C031C6U3, STM32C031C6U6, STM32C031F4P3, STM32C031F4P6, STM32C031F6P3, STM32C031F6P6, STM32C031G4U3, STM32C031G4U6, STM32C031G6U3, STM32C031G6U6, STM32C031K4T3, STM32C031K4T6, STM32C031K4U3, STM32C031K4U6, STM32C031K6T3, STM32C031K6T6, STM32C031K6U3, STM32C031K6U6, STM32G071K8TXN, STM32G071K8UXN, STM32G081GBU6N, STM32G081KBT6N, STM32G081KBUXN, STM32G0B1CCT6N, STM32G0B1KCT6, STM32G0B1NEY6TR, STM32G0B1RCT6N, STM32G0C1CCT6, STM32G0C1CCT6N, STM32G0C1CCU6N, STM32G0C1CET6N, STM32G0C1CEU6N, STM32G0C1KCT6, STM32G0C1NEY6TR, STM32G0C1RCI6N, STM32G0C1RCT6N, STM32G0C1REI6N, STM32G0C1RET6N, STM32G0C1VCI6, STM32G0C1VEI6, STM32G471CCT6, STM32G471CCU6, STM32G471CET3, STM32G471CET6, STM32G471CEU3, STM32G471CEU6, STM32G471MCT6, STM32G471MET3, STM32G471MET6, STM32G471MEY6TR, STM32G471QCT6, STM32G471QET3, STM32G471RCT6, STM32G471RET3, STM32G471RET6, STM32G471VCH6, STM32G471VCI6, STM32G471VCT6, STM32G471VEH3, STM32G471VEH6, STM32G471VEI3, STM32G471VEI6, STM32G471VET3, STM32G471VET6, STM32G474CCT6, STM32L476VGY6PTR, STM32L4R5QGI6STR, STM32MP131AAE3, STM32MP131AAF3, STM32MP131AAG3, STM32MP131CAE3, STM32MP131CAF3, STM32MP131CAG3, STM32MP131DAE7, STM32MP131DAF7, STM32MP131DAG7, STM32MP131FAE7, STM32MP131FAF7, STM32MP131FAG7, STM32MP133AAE3, STM32MP133AAF3, STM32MP133AAG3, STM32MP133CAE3, STM32MP133CAF3, STM32MP133CAG3, STM32MP133DAE7, STM32MP133DAF7, STM32MP133DAG7, STM32MP133FAE7, STM32MP133FAF7, STM32MP133FAG7, STM32MP135AAE3, STM32MP135AAF3, STM32MP135AAG3, STM32MP135CAE3, STM32MP135CAF3, STM32MP135CAG3, STM32MP135DAE7, STM32MP135DAF7, STM32MP135DAG7, STM32MP135F-DK, STM32MP135FAE7, STM32MP135FAF7, STM32MP135FAG7, STM32U595ZJT6Q, STM32U599BJY6QTR, STM32U599NIH6Q, STM32U599NJH6Q, STM32U5A5ZJT6Q, STM32U5A9BJY6QTR, STM32U5A9NJH6Q, STM32WB1MMCH6]
2023-09-06 11:03:16,058 [INFO] BoardInfo:879 - No configuration file found for board NUCLEO-H503RB
2023-09-06 11:03:16,058 [INFO] DbBoards:156 - Board is not supported: NUCLEO-H503RB
2023-09-06 11:03:16,059 [INFO] BoardInfo:879 - No configuration file found for board NUCLEO-H563ZI
2023-09-06 11:03:16,059 [INFO] DbBoards:156 - Board is not supported: NUCLEO-H563ZI
2023-09-06 11:03:16,080 [INFO] BoardInfo:879 - No configuration file found for board NUCLEO-U545RE-Q
2023-09-06 11:03:16,080 [INFO] DbBoards:156 - Board is not supported: NUCLEO-U545RE-Q
2023-09-06 11:03:16,081 [INFO] BoardInfo:879 - No configuration file found for board NUCLEO-U5A5ZJ-Q
2023-09-06 11:03:16,081 [INFO] DbBoards:156 - Board is not supported: NUCLEO-U5A5ZJ-Q
2023-09-06 11:03:16,084 [INFO] BoardInfo:879 - No configuration file found for board NUCLEO-WBA52CG
2023-09-06 11:03:16,084 [INFO] DbBoards:156 - Board is not supported: NUCLEO-WBA52CG
2023-09-06 11:03:16,088 [INFO] BoardInfo:879 - No configuration file found for board P-NUCLEO-WB55
2023-09-06 11:03:16,088 [INFO] DbBoards:156 - Kit is not supported: P-NUCLEO-WB55
2023-09-06 11:03:16,091 [INFO] BoardInfo:879 - No configuration file found for board STEVAL-BFA001V1B
2023-09-06 11:03:16,091 [INFO] DbBoards:156 - Kit is not supported: STEVAL-BFA001V1B
2023-09-06 11:03:16,092 [INFO] BoardInfo:879 - No configuration file found for board STEVAL-BFA001V2B
2023-09-06 11:03:16,092 [INFO] DbBoards:156 - Kit is not supported: STEVAL-BFA001V2B
2023-09-06 11:03:16,095 [INFO] BoardInfo:879 - No configuration file found for board STEVAL-PROTEUS1
2023-09-06 11:03:16,095 [INFO] DbBoards:156 - Board is not supported: STEVAL-PROTEUS1
2023-09-06 11:03:16,095 [INFO] BoardInfo:879 - No configuration file found for board STEVAL-SMARTAG2
2023-09-06 11:03:16,095 [INFO] DbBoards:156 - Board is not supported: STEVAL-SMARTAG2
2023-09-06 11:03:16,139 [INFO] BoardInfo:879 - No configuration file found for board STM32H573I-DK
2023-09-06 11:03:16,140 [INFO] DbBoards:156 - Board is not supported: STM32H573I-DK
2023-09-06 11:03:16,181 [INFO] BoardInfo:879 - No configuration file found for board STM32U5A9J-DK
2023-09-06 11:03:16,181 [INFO] DbBoards:156 - Board is not supported: STM32U5A9J-DK
2023-09-06 11:03:16,183 [INFO] DbBoards:160 - Found 186 boards, 174 are supported
2023-09-06 11:03:16,189 [INFO] ApiDb:418 - Load user favorites file C:\Users\Windows/.stm32cubeide/favorites.boards.txt: 0 item(s)
2023-09-06 11:03:16,190 [INFO] ApiDb:422 - User favorites Boards=[]
2023-09-06 11:03:16,190 [INFO] DbBoards:189 - Set 0 / 0 favorites Boards
2023-09-06 11:03:16,193 [INFO] ApiDb:663 - CubeFinder database Data Model version=2.1
2023-09-06 11:03:16,193 [INFO] ApiDb:664 - CubeFinder database Configuration version=3.0.37
2023-09-06 11:03:16,193 [INFO] ApiDb:665 - CubeFinder database generation date=2023-08-09 (1691586011)
2023-09-06 11:03:16,193 [INFO] ApiDb:666 - CubeFinder database FW Pack versions=[FP-ATR-ASTRA1_V2.0.0, FP-SNS-FLIGHT1_V5.0.1, FP-SNS-FLIGHT1_V5.0.2, FP-SNS-MOTENV1_V4.3.1, FP-SNS-MOTENV1_V4.3.2, STM32Cube_FW_C0_V1.1.0, STM32Cube_FW_F4_V1.27.1, STM32Cube_FW_F7_V1.17.0, STM32Cube_FW_G0_V1.6.1, STM32Cube_FW_G4_V1.5.1, STM32Cube_FW_H5_V0.5.1, STM32Cube_FW_H5_V1.1.0, STM32Cube_FW_H7_V1.11.0, STM32Cube_FW_L0_V1.12.2, STM32Cube_FW_L5_V1.5.0, STM32Cube_FW_U5_V1.3.0, STM32Cube_FW_U5_V1.3.0RC4, STM32Cube_FW_WBA_V1.0.0RC1, STM32Cube_FW_WBA_V1.1.0, STM32Cube_FW_WBA_V1.1.0RC1, STM32Cube_FW_WB_V1.15.0RC1, STM32Cube_FW_WB_V1.16.0, STM32Cube_FW_WB_V1.16.0RC2, STM32Cube_FW_WB_V1.17.0, STM32Cube_FW_WL_V1.3.0, X-CUBE-ALGOBUILD_V1.3.0, X-CUBE-ALS_V1.0.1, X-CUBE-AZRTOS-F4_V1.1.0, X-CUBE-AZRTOS-F7_V1.1.0, X-CUBE-AZRTOS-G0_V1.1.0, X-CUBE-AZRTOS-G4_V2.0.0, X-CUBE-AZRTOS-H7_V3.1.0, X-CUBE-AZRTOS-L4_V1.0.0, X-CUBE-AZRTOS-L4_V2.0.0, X-CUBE-AZRTOS-L5_V1.1.0, X-CUBE-AZRTOS-WB_V1.1.0, X-CUBE-AZRTOS-WL_V2.0.0, X-CUBE-BLE1_V7.0.0, X-CUBE-BLE2_V3.3.0, X-CUBE-BLEMGR_V2.0.0, X-CUBE-EEPRMA1_V4.1.0, X-CUBE-FREERTOS_V1.1.0, X-CUBE-GNSS1_V6.0.0, X-CUBE-MEMS1_V9.1.0, X-CUBE-MEMS1_V9.4.0, X-CUBE-MEMS1_V9.6.0, X-CUBE-NFC4_V3.0.0, X-CUBE-NFC7_V1.0.0, X-CUBE-SFXS2LP1_V4.0.0, X-CUBE-SUBG2_V5.0.0, X-CUBE-TOF1_V3.3.1]
2023-09-06 11:03:16,871 [INFO] DbExamplesSqlite:374 - Ignored 27 examples not supported by CubeIDE
2023-09-06 11:03:16,872 [INFO] DbExamplesSqlite:375 - Found 7231 examples active
2023-09-06 11:03:16,872 [INFO] DbExamplesSqlite:376 - Found 677 examples obsolete
2023-09-06 11:03:16,872 [INFO] DbExamplesSqlite:377 - Found 0 examples under development
2023-09-06 11:03:16,872 [INFO] DbExamplesSqlite:378 - Found 74 examples not building
2023-09-06 11:03:16,873 [INFO] DbExamples:124 - Found 7278 examples
2023-09-06 11:03:16,901 [ERROR] DbExamples:207 - Found 33 examples with invalid data (board or MCU)
2023-09-06 11:03:16,901 [INFO] DbExamples:221 - Found 90 boards with related examples
2023-09-06 11:03:16,902 [INFO] DbExamples:234 - Found 76 MCUs with related examples
2023-09-06 11:03:16,918 [INFO] ApiDb:409 - User favorites file not found: C:\Users\Windows/.stm32cubeide/favorites.examples.txt
2023-09-06 11:03:16,918 [INFO] DbExamples:249 - Set 0 / 0 favorites Examples
2023-09-06 11:03:17,172 [INFO] McuFinderGlobals:57 - Set McuFinderConnectedMode to true
2023-09-06 11:03:17,177 [INFO] MultiScanPanel:195 - Auto-refresh data requested => check proxy status ongoing
2023-09-06 11:03:17,180 [INFO] FinderPluginLoader:92 - Searching for filters in installed packs
2023-09-06 11:03:18,426 [INFO] LoadUrlFilesThread:177 - End of LoadServerUrlFiles without Thread
2023-09-06 11:03:18,435 [INFO] DetailPanel:339 - Set advertising image to C:/Users/Windows/STM32Cube/Repository/\en.prom-stm32h5-mcu-finder.jpg
2023-09-06 11:03:19,042 [INFO] ToolPreferences:109 - Table McuList, key=mcufinder_cubeide.mculist: column name not found=IO
2023-09-06 11:03:19,042 [INFO] ToolPreferences:109 - Table McuList, key=mcufinder_cubeide.mculist: column name not found=Freq.
2023-09-06 11:06:00,147 [INFO] MainUpdater:2768 - connection check result : 10
2023-09-06 11:06:00,148 [INFO] MainUpdater:2768 - connection check result : 10
2023-09-06 11:06:00,174 [INFO] MicroXplorer:451 - Change Database Path : 
2023-09-06 11:06:00,174 [INFO] MicroXplorer:481 - Change Database Version : DB.6.0.60
2023-09-06 11:06:00,174 [WARN] ThirdParty:827 - waiting for thirdparty lock release [close project]
2023-09-06 11:06:00,174 [INFO] ThirdParty:829 - entering critical section [close project]
2023-09-06 11:06:00,175 [INFO] ThirdParty:839 - exiting critical section [close project]
2023-09-06 11:06:00,179 [INFO] PinOutPanel:1468 - setPackage(No Configuration,No Configuration)
2023-09-06 11:06:00,186 [INFO] UtilMem:74 - Begin LoadConfig() Used Memory: 555831872 Bytes (688914432)
2023-09-06 11:06:00,187 [INFO] MicroXplorer:451 - Change Database Path : 
2023-09-06 11:06:00,187 [INFO] MicroXplorer:481 - Change Database Version : DB.6.0.60
2023-09-06 11:06:00,188 [INFO] OpenFileManager:307 - Change cursor
2023-09-06 11:06:00,212 [WARN] IntegrityCheckThread:82 - waiting for thirdparty lock release [integrity check]
2023-09-06 11:06:00,213 [INFO] IntegrityCheckThread:84 - entering critical section [integrity check]
2023-09-06 11:06:00,351 [WARN] PackLoader:242 - Cannot read IP mode file for STMicroelectronics.X-CUBE-SMBUS.2.1.0
2023-09-06 11:06:00,381 [WARN] PackLoader:242 - Cannot read IP mode file for STMicroelectronics.X-CUBE-AZRTOS-F7.1.1.0
2023-09-06 11:06:00,386 [WARN] PackLoader:242 - Cannot read IP mode file for STMicroelectronics.FP-SNS-MOTENV1.4.3.2
2023-09-06 11:06:00,397 [WARN] PackLoader:242 - Cannot read IP mode file for STMicroelectronics.X-CUBE-BLE1.6.2.3
2023-09-06 11:06:00,406 [WARN] PackLoader:242 - Cannot read IP mode file for STMicroelectronics.X-CUBE-BLE1.6.2.4
2023-09-06 11:06:00,408 [WARN] PackLoader:242 - Cannot read IP mode file for STMicroelectronics.FP-SNS-FLIGHT1.5.0.2
2023-09-06 11:06:00,420 [WARN] PackLoader:242 - Cannot read IP mode file for STMicroelectronics.X-CUBE-DISPLAY.3.0.0
2023-09-06 11:06:00,424 [WARN] PackLoader:242 - Cannot read IP mode file for STMicroelectronics.X-CUBE-BLE1.7.0.0
2023-09-06 11:06:00,426 [WARN] PackLoader:242 - Cannot read IP mode file for STMicroelectronics.X-CUBE-TOUCHGFX.4.22.0
2023-09-06 11:06:00,467 [WARN] PackLoader:242 - Cannot read IP mode file for STMicroelectronics.X-CUBE-MEMS1.9.3.0
2023-09-06 11:06:00,548 [INFO] LogOutputStream:76 - [STDOUT_REDIRECT] 1 : Invalid condition id : UX_CORESTACK_Condition cause : null
2023-09-06 11:06:00,550 [INFO] LogOutputStream:76 - [STDOUT_REDIRECT] 1 : Invalid condition id : UX_CORESTACK_Condition cause : null
2023-09-06 11:06:00,551 [INFO] LogOutputStream:76 - [STDOUT_REDIRECT] 1 : Invalid condition id : UX_CORESTACK_Condition cause : null
2023-09-06 11:06:00,552 [INFO] LogOutputStream:76 - [STDOUT_REDIRECT] 1 : Invalid condition id : UX_CORESTACK_Condition cause : null
2023-09-06 11:06:00,553 [INFO] LogOutputStream:76 - [STDOUT_REDIRECT] 1 : Invalid condition id : UX_CORESTACK_Condition cause : null
2023-09-06 11:06:00,555 [WARN] PackLoader:242 - Cannot read IP mode file for STMicroelectronics.X-CUBE-AZRTOS-WL.2.0.0
2023-09-06 11:06:00,567 [WARN] PackLoader:242 - Cannot read IP mode file for WES.I-CUBE-Cesium.1.3.0
2023-09-06 11:06:00,576 [WARN] PackLoader:242 - Cannot read IP mode file for STMicroelectronics.X-CUBE-BLE2.3.3.0
2023-09-06 11:06:00,587 [WARN] PackLoader:242 - Cannot read IP mode file for STMicroelectronics.X-CUBE-DISPLAY.2.2.0
2023-09-06 11:06:00,602 [WARN] PackLoader:242 - Cannot read IP mode file for STMicroelectronics.X-CUBE-TOF1.3.2.0
2023-09-06 11:06:00,634 [WARN] PackLoader:242 - Cannot read IP mode file for STMicroelectronics.X-CUBE-AZRTOS-H7.2.1.0
2023-09-06 11:06:00,650 [WARN] PackLoader:242 - Cannot read IP mode file for STMicroelectronics.X-CUBE-TOUCHGFX.4.21.0
2023-09-06 11:06:00,662 [WARN] PackLoader:242 - Cannot read IP mode file for STMicroelectronics.X-CUBE-TOUCHGFX.4.21.3
2023-09-06 11:06:00,715 [WARN] PackLoader:242 - Cannot read IP mode file for STMicroelectronics.X-CUBE-MEMS1.9.4.0
2023-09-06 11:06:00,853 [WARN] PackLoader:242 - Cannot read IP mode file for STMicroelectronics.X-CUBE-AI.7.3.0
2023-09-06 11:06:00,867 [WARN] PackLoader:242 - Cannot read IP mode file for STMicroelectronics.X-CUBE-ALGOBUILD.1.3.0
2023-09-06 11:06:00,911 [WARN] PackLoader:242 - Cannot read IP mode file for STMicroelectronics.X-CUBE-AZRTOS-G0.1.1.0
2023-09-06 11:06:00,925 [WARN] PackLoader:242 - Cannot read IP mode file for STMicroelectronics.X-CUBE-NFC4.3.0.0
2023-09-06 11:06:00,959 [WARN] PackLoader:242 - Cannot read IP mode file for SEGGER.I-CUBE-embOS.1.2.1
2023-09-06 11:06:00,997 [WARN] PackLoader:242 - Cannot read IP mode file for STMicroelectronics.X-CUBE-BLEMGR.1.3.0
2023-09-06 11:06:01,002 [WARN] PackLoader:242 - Cannot read IP mode file for STMicroelectronics.FP-ATR-SIGFOX1.3.2.0
2023-09-06 11:06:01,011 [WARN] PackLoader:242 - Cannot read IP mode file for STMicroelectronics.X-CUBE-TOUCHGFX.4.20.0
2023-09-06 11:06:01,047 [WARN] PackLoader:242 - Cannot read IP mode file for STMicroelectronics.X-CUBE-MEMS1.9.5.0
2023-09-06 11:06:01,167 [WARN] PackLoader:242 - Cannot read IP mode file for SEGGER.I-CUBE-embOS.1.3.1
2023-09-06 11:06:01,195 [WARN] PackLoader:242 - Cannot read IP mode file for STMicroelectronics.X-CUBE-GNSS1.6.0.0
2023-09-06 11:06:01,224 [WARN] PackLoader:242 - Cannot read IP mode file for STMicroelectronics.X-CUBE-AZRTOS-F4.1.1.0
2023-09-06 11:06:01,238 [WARN] PackLoader:242 - Cannot read IP mode file for STMicroelectronics.X-CUBE-BLEMGR.1.2.0
2023-09-06 11:06:01,250 [WARN] PackLoader:242 - Cannot read IP mode file for STMicroelectronics.X-CUBE-AZRTOS-L5.2.0.0
2023-09-06 11:06:01,279 [WARN] PackLoader:242 - Cannot read IP mode file for STMicroelectronics.X-CUBE-MEMS1.9.6.0
2023-09-06 11:06:01,357 [WARN] PackLoader:242 - Cannot read IP mode file for emotas.I-CUBE-CANOPEN.1.1.3
2023-09-06 11:06:01,368 [WARN] PackLoader:242 - Cannot read IP mode file for STMicroelectronics.X-CUBE-BLEMGR.2.0.0
2023-09-06 11:06:01,378 [WARN] PackLoader:242 - Cannot read IP mode file for STMicroelectronics.X-CUBE-NFC4.2.0.5
2023-09-06 11:06:01,398 [WARN] ConditionMgr:437 - getConditionDescription Invalid condition id : UX DEVICE CLASS RTOS Condition cause : null
2023-09-06 11:06:01,398 [WARN] ConditionMgr:437 - getConditionDescription Invalid condition id : UX DEVICE CLASS RTOS Condition cause : null
2023-09-06 11:06:01,401 [WARN] PackLoader:242 - Cannot read IP mode file for STMicroelectronics.X-CUBE-AZRTOS-H7.3.1.0
2023-09-06 11:06:01,401 [WARN] ConditionMgr:1038 - genDependencies : Invalid condition id : UX DEVICE CLASS RTOS Condition cause : null
2023-09-06 11:06:01,401 [WARN] ConditionMgr:1038 - genDependencies : Invalid condition id : UX DEVICE CLASS RTOS Condition cause : null
2023-09-06 11:06:01,402 [WARN] ConditionMgr:1038 - genDependencies : Invalid condition id : UX DEVICE CLASS RTOS Condition cause : null
2023-09-06 11:06:01,402 [WARN] ConditionMgr:1038 - genDependencies : Invalid condition id : UX DEVICE CLASS RTOS Condition cause : null
2023-09-06 11:06:01,402 [WARN] ConditionMgr:1038 - genDependencies : Invalid condition id : UX DEVICE CLASS RTOS Condition cause : null
2023-09-06 11:06:01,411 [WARN] PackLoader:242 - Cannot read IP mode file for wolfSSL.I-CUBE-wolfSSL.5.5.3
2023-09-06 11:06:01,414 [WARN] PackLoader:242 - Cannot read IP mode file for STMicroelectronics.X-CUBE-NFC7.1.0.1
2023-09-06 11:06:01,423 [WARN] PackLoader:242 - Cannot read IP mode file for STMicroelectronics.X-CUBE-NFC7.1.0.0
2023-09-06 11:06:01,434 [WARN] PackLoader:242 - Cannot read IP mode file for STMicroelectronics.X-CUBE-EEPRMA1.4.1.0
2023-09-06 11:06:01,436 [WARN] PackLoader:242 - Cannot read IP mode file for STMicroelectronics.X-CUBE-AI.8.1.0
2023-09-06 11:06:01,452 [WARN] ConditionMgr:437 - getConditionDescription Invalid condition id : LAN8742 Phy interface Condition cause : null
2023-09-06 11:06:01,453 [WARN] PackLoader:242 - Cannot read IP mode file for STMicroelectronics.X-CUBE-AZRTOS-L4.2.0.0
2023-09-06 11:06:01,455 [WARN] ConditionMgr:1038 - genDependencies : Invalid condition id : LAN8742 Phy interface Condition cause : null
2023-09-06 11:06:01,455 [WARN] ConditionMgr:1038 - genDependencies : Invalid condition id : LAN8742 Phy interface Condition cause : null
2023-09-06 11:06:01,455 [WARN] ConditionMgr:1038 - genDependencies : Invalid condition id : LAN8742 Phy interface Condition cause : null
2023-09-06 11:06:01,471 [WARN] PackLoader:242 - Cannot read IP mode file for STMicroelectronics.X-CUBE-SFXS2LP1.4.0.0
2023-09-06 11:06:01,500 [WARN] PackLoader:242 - Cannot read IP mode file for STMicroelectronics.X-CUBE-AZRTOS-H7.3.0.0
2023-09-06 11:06:01,512 [WARN] PackLoader:242 - Cannot read IP mode file for STMicroelectronics.X-CUBE-ISPU.1.1.0
2023-09-06 11:06:01,527 [WARN] PackLoader:242 - Cannot read IP mode file for RoweBots.I-CUBE-UNISONRTOS.5.5.0-4
2023-09-06 11:06:01,540 [WARN] PackLoader:242 - Cannot read IP mode file for STMicroelectronics.X-CUBE-AI.8.0.0
2023-09-06 11:06:01,552 [WARN] ConditionMgr:437 - getConditionDescription Invalid condition id : UX DEVICE CLASS RTOS Condition cause : null
2023-09-06 11:06:01,552 [WARN] ConditionMgr:437 - getConditionDescription Invalid condition id : UX DEVICE CLASS RTOS Condition cause : null
2023-09-06 11:06:01,554 [WARN] PackLoader:242 - Cannot read IP mode file for STMicroelectronics.X-CUBE-AZRTOS-WB.2.0.0
2023-09-06 11:06:01,555 [WARN] ConditionMgr:1038 - genDependencies : Invalid condition id : UX DEVICE CLASS RTOS Condition cause : null
2023-09-06 11:06:01,555 [WARN] ConditionMgr:1038 - genDependencies : Invalid condition id : UX DEVICE CLASS RTOS Condition cause : null
2023-09-06 11:06:01,556 [WARN] ConditionMgr:1038 - genDependencies : Invalid condition id : UX DEVICE CLASS RTOS Condition cause : null
2023-09-06 11:06:01,556 [WARN] ConditionMgr:1038 - genDependencies : Invalid condition id : UX DEVICE CLASS RTOS Condition cause : null
2023-09-06 11:06:01,556 [WARN] ConditionMgr:1038 - genDependencies : Invalid condition id : UX DEVICE CLASS RTOS Condition cause : null
2023-09-06 11:06:01,567 [WARN] PackLoader:242 - Cannot read IP mode file for STMicroelectronics.X-CUBE-FREERTOS.1.0.0
2023-09-06 11:06:01,580 [WARN] PackLoader:242 - Cannot read IP mode file for STMicroelectronics.X-CUBE-FREERTOS.1.0.1
2023-09-06 11:06:01,608 [WARN] PackLoader:242 - Cannot read IP mode file for STMicroelectronics.X-CUBE-AZRTOS-L5.1.1.0
2023-09-06 11:06:01,631 [WARN] PackLoader:242 - Cannot read IP mode file for STMicroelectronics.X-CUBE-SUBG2.5.0.0
2023-09-06 11:06:01,644 [WARN] PackLoader:242 - Cannot read IP mode file for STMicroelectronics.X-CUBE-TOF1.3.3.1
2023-09-06 11:06:01,667 [WARN] PackLoader:242 - Cannot read IP mode file for STMicroelectronics.X-CUBE-AZRTOS-G4.2.0.0
2023-09-06 11:06:01,690 [WARN] PackLoader:242 - Cannot read IP mode file for STMicroelectronics.X-CUBE-TOF1.3.3.0
2023-09-06 11:06:01,726 [WARN] PackLoader:242 - Cannot read IP mode file for STMicroelectronics.FP-ATR-ASTRA1.1.1.1
2023-09-06 11:06:01,747 [WARN] PackLoader:242 - Cannot read IP mode file for STMicroelectronics.X-CUBE-AZRTOS-G4.1.0.0
2023-09-06 11:06:01,775 [WARN] PackLoader:242 - Cannot read IP mode file for STMicroelectronics.X-CUBE-AZRTOS-L4.1.0.0
2023-09-06 11:06:01,781 [WARN] PackLoader:242 - Cannot read IP mode file for STMicroelectronics.X-CUBE-FREERTOS.1.1.0
2023-09-06 11:06:01,799 [WARN] PackLoader:242 - Cannot read IP mode file for STMicroelectronics.X-CUBE-AZRTOS-WL.1.0.0
2023-09-06 11:06:01,815 [WARN] PackLoader:242 - Cannot read IP mode file for portGmbH.I-Cube-SoM-uGOAL.1.1.0
2023-09-06 11:06:01,826 [WARN] PackLoader:242 - Cannot read IP mode file for STMicroelectronics.X-CUBE-ALS.1.0.1
2023-09-06 11:06:01,847 [WARN] PackLoader:242 - Cannot read IP mode file for STMicroelectronics.X-CUBE-AZRTOS-WB.1.1.0
2023-09-06 11:06:01,880 [WARN] PackLoader:242 - Cannot read IP mode file for STMicroelectronics.X-CUBE-AZRTOS-L5.1.0.0
2023-09-06 11:06:01,897 [WARN] PackLoader:242 - Cannot read IP mode file for STMicroelectronics.X-CUBE-EEPRMA1.3.1.1
2023-09-06 11:06:01,901 [WARN] PackLoader:242 - Cannot read IP mode file for STMicroelectronics.FP-ATR-ASTRA1.2.0.0
2023-09-06 11:06:01,902 [INFO] ThirdParty:929 - Integrity check success = true
2023-09-06 11:06:01,902 [INFO] IntegrityCheckThread:98 - exiting critical section [integrity check]
2023-09-06 11:06:01,902 [INFO] IntegrityCheckThread:101 - End integrity checks thread
2023-09-06 11:06:01,926 [INFO] Mcu:1922 - Initializing MCU STM32F103C6Ux STM32F103C6Ux 
2023-09-06 11:06:01,927 [INFO] Mcu:1935 - No CPN specified => set CPN to STM32F103C6U6A
2023-09-06 11:06:02,563 [INFO] Context:654 - Trying to add GPIOservice into a context  which must be forbidden
2023-09-06 11:06:02,823 [INFO] ImportTextPane:193 - (OptionalMessage_ERROR) Unable to find key (Mcu.ThirdPartyNb) in loaded IOC file
2023-09-06 11:06:02,823 [INFO] ImportTextPane:193 - (OptionalMessage_ERROR) Unable to find key (Mcu.PinsNb) in loaded IOC file
2023-09-06 11:06:02,823 [INFO] ImportTextPane:193 - (OptionalMessage_ERROR) Unable to find key (Mcu.IPNb) in loaded IOC file
2023-09-06 11:06:02,885 [WARN] ApiManager:308 - Cannot register API 'Board Extension:GNSS1A1' from pack STMicroelectronics.X-CUBE-GNSS1.6.0.0: no header file found
2023-09-06 11:06:02,885 [WARN] ApiManager:308 - Cannot register API 'Board Support:Custom' from pack STMicroelectronics.X-CUBE-GNSS1.6.0.0: no header file found
2023-09-06 11:06:02,885 [WARN] ApiManager:308 - Cannot register API 'Data Exchange:lib_gnss' from pack STMicroelectronics.X-CUBE-GNSS1.6.0.0: no header file found
2023-09-06 11:06:03,049 [WARN] ApiManager:308 - Cannot register API 'Board Extension:IKS01A3' from pack STMicroelectronics.X-CUBE-MEMS1.9.4.0: no header file found
2023-09-06 11:06:03,049 [WARN] ApiManager:308 - Cannot register API 'Board Extension:IKS01A2' from pack STMicroelectronics.X-CUBE-MEMS1.9.4.0: no header file found
2023-09-06 11:06:03,049 [WARN] ApiManager:308 - Cannot register API 'Board Extension:IKS02A1' from pack STMicroelectronics.X-CUBE-MEMS1.9.4.0: no header file found
2023-09-06 11:06:03,139 [WARN] ApiManager:308 - Cannot register API 'Board Extension:IKS01A3' from pack STMicroelectronics.X-CUBE-MEMS1.9.6.0: no header file found
2023-09-06 11:06:03,140 [WARN] ApiManager:308 - Cannot register API 'Board Extension:IKS01A2' from pack STMicroelectronics.X-CUBE-MEMS1.9.6.0: no header file found
2023-09-06 11:06:03,140 [WARN] ApiManager:308 - Cannot register API 'Board Extension:IKS02A1' from pack STMicroelectronics.X-CUBE-MEMS1.9.6.0: no header file found
2023-09-06 11:06:03,144 [WARN] ApiManager:308 - Cannot register API 'Wireless:BlueNRG-MS' from pack STMicroelectronics.X-CUBE-BLE1.6.2.3: no header file found
2023-09-06 11:06:03,145 [WARN] ApiManager:308 - Cannot register API 'Wireless:BlueNRG-MS' from pack STMicroelectronics.X-CUBE-BLE1.6.2.4: no header file found
2023-09-06 11:06:03,147 [INFO] RtosManager:488 - Registered RTOS mode: class=CMSIS, group=RTOS, mode=CMSIS_V1, owner=FREERTOS
2023-09-06 11:06:03,147 [INFO] RtosManager:488 - Registered RTOS mode: class=CMSIS, group=RTOS2, mode=CMSIS_V2, owner=FREERTOS
2023-09-06 11:06:03,147 [INFO] RtosManager:488 - Registered RTOS mode: class=RTOS, group=Core, mode=CMSIS_V1, owner=FREERTOS
2023-09-06 11:06:03,147 [INFO] RtosManager:488 - Registered RTOS mode: class=RTOS, group=Core, mode=CMSIS_V2, owner=FREERTOS
2023-09-06 11:06:03,148 [WARN] ModelIntegratedComponent:185 - Missing modes for component STMicroelectronics:FreeRTOS:0.0.1:STMicroelectronics:RTOS:FreeRTOS:Core:::10.2.0:
2023-09-06 11:06:03,149 [WARN] ApiManager:308 - Cannot register API 'Board Extension:NFC04A1' from pack STMicroelectronics.X-CUBE-NFC4.3.0.0: no header file found
2023-09-06 11:06:03,151 [WARN] ApiManager:308 - Cannot register API 'Board Extension:S2868A1' from pack STMicroelectronics.X-CUBE-SUBG2.5.0.0: no header file found
2023-09-06 11:06:03,151 [WARN] ApiManager:308 - Cannot register API 'Board Extension:S2868A2' from pack STMicroelectronics.X-CUBE-SUBG2.5.0.0: no header file found
2023-09-06 11:06:03,151 [WARN] ApiManager:308 - Cannot register API 'Board Extension:S2915A1' from pack STMicroelectronics.X-CUBE-SUBG2.5.0.0: no header file found
2023-09-06 11:06:03,154 [WARN] ApiManager:308 - Cannot register API 'Board Extension:NFC04A1' from pack STMicroelectronics.X-CUBE-NFC4.2.0.5: no header file found
2023-09-06 11:06:03,162 [WARN] ApiManager:308 - Cannot register API 'Wireless:BlueNRG-MS' from pack STMicroelectronics.X-CUBE-BLE1.7.0.0: no header file found
2023-09-06 11:06:03,165 [WARN] ModelIntegratedComponent:64 - No mode defined for component null
2023-09-06 11:06:03,165 [WARN] ModelIntegratedComponent:64 - No mode defined for component null
2023-09-06 11:06:03,165 [WARN] ModelIntegratedComponent:64 - No mode defined for component null
2023-09-06 11:06:03,165 [WARN] ModelIntegratedComponent:64 - No mode defined for component null
2023-09-06 11:06:03,165 [WARN] ModelIntegratedComponent:64 - No mode defined for component null
2023-09-06 11:06:03,166 [WARN] ModelIntegratedComponent:64 - No mode defined for component null
2023-09-06 11:06:03,166 [WARN] ModelIntegratedComponent:64 - No mode defined for component null
2023-09-06 11:06:03,166 [WARN] ModelIntegratedComponent:64 - No mode defined for component null
2023-09-06 11:06:03,166 [WARN] ModelIntegratedComponent:64 - No mode defined for component null
2023-09-06 11:06:03,166 [WARN] ModelIntegratedComponent:64 - No mode defined for component null
2023-09-06 11:06:03,166 [WARN] ModelIntegratedComponent:64 - No mode defined for component null
2023-09-06 11:06:03,166 [WARN] ModelIntegratedComponent:64 - No mode defined for component null
2023-09-06 11:06:03,166 [WARN] ModelIntegratedComponent:64 - No mode defined for component null
2023-09-06 11:06:03,166 [WARN] ModelIntegratedComponent:64 - No mode defined for component null
2023-09-06 11:06:03,166 [WARN] ModelIntegratedComponent:64 - No mode defined for component null
2023-09-06 11:06:03,166 [WARN] ModelIntegratedComponent:64 - No mode defined for component null
2023-09-06 11:06:03,167 [WARN] ModelIntegratedComponent:64 - No mode defined for component null
2023-09-06 11:06:03,167 [WARN] ModelIntegratedComponent:64 - No mode defined for component null
2023-09-06 11:06:03,167 [WARN] ModelIntegratedComponent:64 - No mode defined for component null
2023-09-06 11:06:03,167 [WARN] ModelIntegratedComponent:64 - No mode defined for component null
2023-09-06 11:06:03,167 [WARN] ModelIntegratedComponent:64 - No mode defined for component null
2023-09-06 11:06:03,168 [WARN] ModelIntegratedComponent:64 - No mode defined for component null
2023-09-06 11:06:03,168 [WARN] ModelIntegratedComponent:64 - No mode defined for component null
2023-09-06 11:06:03,168 [WARN] ModelIntegratedComponent:64 - No mode defined for component null
2023-09-06 11:06:03,168 [WARN] ModelIntegratedComponent:64 - No mode defined for component null
2023-09-06 11:06:03,168 [WARN] ModelIntegratedComponent:64 - No mode defined for component null
2023-09-06 11:06:03,168 [WARN] ModelIntegratedComponent:64 - No mode defined for component null
2023-09-06 11:06:03,168 [WARN] ModelIntegratedComponent:64 - No mode defined for component null
2023-09-06 11:06:03,168 [WARN] ModelIntegratedComponent:64 - No mode defined for component null
2023-09-06 11:06:03,168 [WARN] ModelIntegratedComponent:64 - No mode defined for component null
2023-09-06 11:06:03,168 [WARN] ModelIntegratedComponent:64 - No mode defined for component null
2023-09-06 11:06:03,168 [WARN] ModelIntegratedComponent:64 - No mode defined for component null
2023-09-06 11:06:03,168 [WARN] ModelIntegratedComponent:64 - No mode defined for component null
2023-09-06 11:06:03,170 [WARN] ApiManager:308 - Cannot register API 'Board Extension:NFC07A1' from pack STMicroelectronics.X-CUBE-NFC7.1.0.1: no header file found
2023-09-06 11:06:03,171 [WARN] ApiManager:308 - Cannot register API 'Board Extension:NFC07A1' from pack STMicroelectronics.X-CUBE-NFC7.1.0.0: no header file found
2023-09-06 11:06:03,234 [WARN] ApiManager:308 - Cannot register API 'Board Extension:IKS01A3' from pack STMicroelectronics.X-CUBE-MEMS1.9.3.0: no header file found
2023-09-06 11:06:03,234 [WARN] ApiManager:308 - Cannot register API 'Board Extension:IKS01A2' from pack STMicroelectronics.X-CUBE-MEMS1.9.3.0: no header file found
2023-09-06 11:06:03,234 [WARN] ApiManager:308 - Cannot register API 'Board Extension:IKS02A1' from pack STMicroelectronics.X-CUBE-MEMS1.9.3.0: no header file found
2023-09-06 11:06:03,237 [WARN] ApiManager:308 - Cannot register API 'Board Extension:EEPRMA1' from pack STMicroelectronics.X-CUBE-EEPRMA1.4.1.0: no header file found
2023-09-06 11:06:03,237 [WARN] ApiManager:308 - Cannot register API 'Board Extension:EEPRMA2' from pack STMicroelectronics.X-CUBE-EEPRMA1.4.1.0: no header file found
2023-09-06 11:06:03,237 [WARN] ApiManager:308 - Cannot register API 'Board Extension:PGEEZ1' from pack STMicroelectronics.X-CUBE-EEPRMA1.4.1.0: no header file found
2023-09-06 11:06:03,237 [WARN] ApiManager:308 - Cannot register API 'Board Part:M24' from pack STMicroelectronics.X-CUBE-EEPRMA1.4.1.0: no header file found
2023-09-06 11:06:03,237 [WARN] ApiManager:308 - Cannot register API 'Board Part:M95' from pack STMicroelectronics.X-CUBE-EEPRMA1.4.1.0: no header file found
2023-09-06 11:06:03,237 [WARN] ApiManager:308 - Cannot register API 'Board Part:M95P32' from pack STMicroelectronics.X-CUBE-EEPRMA1.4.1.0: no header file found
2023-09-06 11:06:03,237 [WARN] ApiManager:308 - Cannot register API 'PGEEZ1:SPI' from pack STMicroelectronics.X-CUBE-EEPRMA1.4.1.0: no header file found
2023-09-06 11:06:03,237 [WARN] ApiManager:308 - Cannot register API 'PGEEZ1:QDSPI' from pack STMicroelectronics.X-CUBE-EEPRMA1.4.1.0: no header file found
2023-09-06 11:06:03,307 [WARN] ApiManager:308 - Cannot register API 'Board Extension:IKS01A3' from pack STMicroelectronics.X-CUBE-MEMS1.9.5.0: no header file found
2023-09-06 11:06:03,307 [WARN] ApiManager:308 - Cannot register API 'Board Extension:IKS01A2' from pack STMicroelectronics.X-CUBE-MEMS1.9.5.0: no header file found
2023-09-06 11:06:03,308 [WARN] ApiManager:308 - Cannot register API 'Board Extension:IKS02A1' from pack STMicroelectronics.X-CUBE-MEMS1.9.5.0: no header file found
2023-09-06 11:06:03,312 [WARN] ApiManager:308 - Cannot register API 'Board Extension:EEPRMA1' from pack STMicroelectronics.X-CUBE-EEPRMA1.3.1.1: no header file found
2023-09-06 11:06:03,313 [WARN] ApiManager:308 - Cannot register API 'Board Extension:EEPRMA2' from pack STMicroelectronics.X-CUBE-EEPRMA1.3.1.1: no header file found
2023-09-06 11:06:03,314 [WARN] ApiManager:308 - Cannot register API 'Board Extension:S2868A1' from pack STMicroelectronics.X-CUBE-SFXS2LP1.4.0.0: no header file found
2023-09-06 11:06:03,314 [WARN] ApiManager:308 - Cannot register API 'Board Extension:S2868A2' from pack STMicroelectronics.X-CUBE-SFXS2LP1.4.0.0: no header file found
2023-09-06 11:06:03,314 [WARN] ApiManager:308 - Cannot register API 'Board Extension:S2915A1' from pack STMicroelectronics.X-CUBE-SFXS2LP1.4.0.0: no header file found
2023-09-06 11:06:03,314 [WARN] ApiManager:308 - Cannot register API 'Wireless:BlueNRG-2' from pack STMicroelectronics.X-CUBE-BLE2.3.3.0: no header file found
2023-09-06 11:06:03,324 [INFO] ThirdPartyModel:289 - Start build external matchings
2023-09-06 11:06:05,131 [INFO] ThirdPartyModel:302 - End build external matchings
2023-09-06 11:06:05,315 [INFO] UtilMem:74 - End LoadConfig() Used Memory: 544155176 Bytes (688914432)
2023-09-06 11:06:05,339 [WARN] ThirdParty:789 - waiting for thirdparty lock release [change project]
2023-09-06 11:06:05,340 [INFO] ThirdParty:791 - entering critical section [change project]
2023-09-06 11:06:05,340 [INFO] ThirdParty:981 - CMSIS Pack Vendor :STMicroelectronics X-CUBE-ISPU 1.1.0
2023-09-06 11:06:05,340 [INFO] ThirdParty:981 - CMSIS Pack Vendor :RoweBots I-CUBE-UNISONRTOS 5.5.0-4
2023-09-06 11:06:05,340 [INFO] ThirdParty:981 - CMSIS Pack Vendor :STMicroelectronics X-CUBE-GNSS1 6.0.0
2023-09-06 11:06:05,340 [INFO] ThirdParty:981 - CMSIS Pack Vendor :STMicroelectronics X-CUBE-AZRTOS-H7 2.1.0
2023-09-06 11:06:05,340 [INFO] ThirdParty:981 - CMSIS Pack Vendor :STMicroelectronics USB_HOST 2.0.0
2023-09-06 11:06:05,340 [INFO] ThirdParty:981 - CMSIS Pack Vendor :STMicroelectronics X-CUBE-AZRTOS-F4 1.1.0
2023-09-06 11:06:05,340 [INFO] ThirdParty:981 - CMSIS Pack Vendor :STMicroelectronics LIBJPEG 8.0.0
2023-09-06 11:06:05,340 [INFO] ThirdParty:981 - CMSIS Pack Vendor :STMicroelectronics X-CUBE-SMBUS 2.1.0
2023-09-06 11:06:05,341 [INFO] ThirdParty:981 - CMSIS Pack Vendor :STMicroelectronics USB_DEVICE 3.0.0
2023-09-06 11:06:05,341 [INFO] ThirdParty:981 - CMSIS Pack Vendor :STMicroelectronics X-CUBE-AI 8.0.0
2023-09-06 11:06:05,341 [INFO] ThirdParty:981 - CMSIS Pack Vendor :STMicroelectronics X-CUBE-AZRTOS-WB 2.0.0
2023-09-06 11:06:05,341 [INFO] ThirdParty:981 - CMSIS Pack Vendor :STMicroelectronics X-CUBE-FREERTOS 1.0.0
2023-09-06 11:06:05,341 [INFO] ThirdParty:981 - CMSIS Pack Vendor :STMicroelectronics X-CUBE-FREERTOS 1.0.1
2023-09-06 11:06:05,342 [INFO] ThirdParty:981 - CMSIS Pack Vendor :STMicroelectronics X-CUBE-TOUCHGFX 4.21.0
2023-09-06 11:06:05,342 [INFO] ThirdParty:981 - CMSIS Pack Vendor :STMicroelectronics X-CUBE-TOUCHGFX 4.21.3
2023-09-06 11:06:05,342 [INFO] ThirdParty:981 - CMSIS Pack Vendor :STMicroelectronics X-CUBE-BLEMGR 1.2.0
2023-09-06 11:06:05,342 [INFO] ThirdParty:981 - CMSIS Pack Vendor :STMicroelectronics X-CUBE-AZRTOS-F7 1.1.0
2023-09-06 11:06:05,342 [INFO] ThirdParty:981 - CMSIS Pack Vendor :STMicroelectronics X-CUBE-AZRTOS-L5 2.0.0
2023-09-06 11:06:05,342 [INFO] ThirdParty:981 - CMSIS Pack Vendor :STMicroelectronics X-CUBE-MEMS1 9.4.0
2023-09-06 11:06:05,342 [INFO] ThirdParty:981 - CMSIS Pack Vendor :STMicroelectronics USB_DEVICE 2.0.0
2023-09-06 11:06:05,342 [INFO] ThirdParty:981 - CMSIS Pack Vendor :STMicroelectronics X-CUBE-AI 7.3.0
2023-09-06 11:06:05,343 [INFO] ThirdParty:981 - CMSIS Pack Vendor :STMicroelectronics X-CUBE-MEMS1 9.6.0
2023-09-06 11:06:05,343 [INFO] ThirdParty:981 - CMSIS Pack Vendor :STMicroelectronics FP-SNS-MOTENV1 4.3.2
2023-09-06 11:06:05,343 [INFO] ThirdParty:981 - CMSIS Pack Vendor :STMicroelectronics X-CUBE-BLE1 6.2.3
2023-09-06 11:06:05,343 [INFO] ThirdParty:981 - CMSIS Pack Vendor :STMicroelectronics X-CUBE-ALGOBUILD 1.3.0
2023-09-06 11:06:05,343 [INFO] ThirdParty:981 - CMSIS Pack Vendor :STMicroelectronics X-CUBE-BLE1 6.2.4
2023-09-06 11:06:05,343 [INFO] ThirdParty:981 - CMSIS Pack Vendor :STMicroelectronics X-CUBE-AZRTOS-L5 1.1.0
2023-09-06 11:06:05,343 [INFO] ThirdParty:981 - CMSIS Pack Vendor :STMicroelectronics FreeRTOS 0.0.1
2023-09-06 11:06:05,343 [INFO] ThirdParty:981 - CMSIS Pack Vendor :STMicroelectronics X-CUBE-AZRTOS-G0 1.1.0
2023-09-06 11:06:05,343 [INFO] ThirdParty:981 - CMSIS Pack Vendor :emotas I-CUBE-CANOPEN 1.1.3
2023-09-06 11:06:05,344 [INFO] ThirdParty:981 - CMSIS Pack Vendor :STMicroelectronics X-CUBE-BLEMGR 2.0.0
2023-09-06 11:06:05,344 [INFO] ThirdParty:981 - CMSIS Pack Vendor :STMicroelectronics X-CUBE-NFC4 3.0.0
2023-09-06 11:06:05,344 [INFO] ThirdParty:981 - CMSIS Pack Vendor :STMicroelectronics X-CUBE-SUBG2 5.0.0
2023-09-06 11:06:05,344 [INFO] ThirdParty:981 - CMSIS Pack Vendor :STMicroelectronics STM32_WPAN 1.0.0
2023-09-06 11:06:05,344 [INFO] ThirdParty:981 - CMSIS Pack Vendor :SEGGER I-CUBE-embOS 1.2.1
2023-09-06 11:06:05,344 [INFO] ThirdParty:981 - CMSIS Pack Vendor :STMicroelectronics lwIP 2.0.3
2023-09-06 11:06:05,344 [INFO] ThirdParty:981 - CMSIS Pack Vendor :STMicroelectronics FP-SNS-FLIGHT1 5.0.2
2023-09-06 11:06:05,344 [INFO] ThirdParty:981 - CMSIS Pack Vendor :STMicroelectronics X-CUBE-NFC4 2.0.5
2023-09-06 11:06:05,344 [INFO] ThirdParty:981 - CMSIS Pack Vendor :STMicroelectronics USB_HOST 1.0.0
2023-09-06 11:06:05,344 [INFO] ThirdParty:981 - CMSIS Pack Vendor :STMicroelectronics X-CUBE-TOF1 3.3.1
2023-09-06 11:06:05,345 [INFO] ThirdParty:981 - CMSIS Pack Vendor :STMicroelectronics X-CUBE-AZRTOS-G4 2.0.0
2023-09-06 11:06:05,345 [INFO] ThirdParty:981 - CMSIS Pack Vendor :STMicroelectronics PDM2PCM 3.1.0
2023-09-06 11:06:05,345 [INFO] ThirdParty:981 - CMSIS Pack Vendor :STMicroelectronics X-CUBE-AZRTOS-H7 3.1.0
2023-09-06 11:06:05,345 [INFO] ThirdParty:981 - CMSIS Pack Vendor :STMicroelectronics X-CUBE-TOF1 3.3.0
2023-09-06 11:06:05,345 [INFO] ThirdParty:981 - CMSIS Pack Vendor :STMicroelectronics FP-ATR-ASTRA1 1.1.1
2023-09-06 11:06:05,345 [INFO] ThirdParty:981 - CMSIS Pack Vendor :STMicroelectronics PDM2PCM 3.3.0
2023-09-06 11:06:05,345 [INFO] ThirdParty:981 - CMSIS Pack Vendor :STMicroelectronics X-CUBE-DISPLAY 3.0.0
2023-09-06 11:06:05,345 [INFO] ThirdParty:981 - CMSIS Pack Vendor :STMicroelectronics X-CUBE-BLEMGR 1.3.0
2023-09-06 11:06:05,345 [INFO] ThirdParty:981 - CMSIS Pack Vendor :wolfSSL I-CUBE-wolfSSL 5.5.3
2023-09-06 11:06:05,345 [INFO] ThirdParty:981 - CMSIS Pack Vendor :STMicroelectronics X-CUBE-BLE1 7.0.0
2023-09-06 11:06:05,345 [INFO] ThirdParty:981 - CMSIS Pack Vendor :STMicroelectronics FP-ATR-SIGFOX1 3.2.0
2023-09-06 11:06:05,345 [INFO] ThirdParty:981 - CMSIS Pack Vendor :STMicroelectronics X-CUBE-AZRTOS-G4 1.0.0
2023-09-06 11:06:05,345 [INFO] ThirdParty:981 - CMSIS Pack Vendor :STMicroelectronics X-CUBE-AZRTOS-L4 1.0.0
2023-09-06 11:06:05,345 [INFO] ThirdParty:981 - CMSIS Pack Vendor :STMicroelectronics HAL Drivers 0.0.0
2023-09-06 11:06:05,345 [INFO] ThirdParty:981 - CMSIS Pack Vendor :STMicroelectronics MBEDTLS 2.16.2
2023-09-06 11:06:05,345 [INFO] ThirdParty:981 - CMSIS Pack Vendor :STMicroelectronics X-CUBE-TOUCHGFX 4.20.0
2023-09-06 11:06:05,345 [INFO] ThirdParty:981 - CMSIS Pack Vendor :STMicroelectronics X-CUBE-FREERTOS 1.1.0
2023-09-06 11:06:05,345 [INFO] ThirdParty:981 - CMSIS Pack Vendor :STMicroelectronics X-CUBE-TOUCHGFX 4.22.0
2023-09-06 11:06:05,345 [INFO] ThirdParty:981 - CMSIS Pack Vendor :STMicroelectronics X-CUBE-NFC7 1.0.1
2023-09-06 11:06:05,346 [INFO] ThirdParty:981 - CMSIS Pack Vendor :STMicroelectronics MBEDTLS 2.14.1
2023-09-06 11:06:05,346 [INFO] ThirdParty:981 - CMSIS Pack Vendor :STMicroelectronics X-CUBE-NFC7 1.0.0
2023-09-06 11:06:05,346 [INFO] ThirdParty:981 - CMSIS Pack Vendor :STMicroelectronics X-CUBE-AZRTOS-WL 1.0.0
2023-09-06 11:06:05,346 [INFO] ThirdParty:981 - CMSIS Pack Vendor :STMicroelectronics X-CUBE-MEMS1 9.3.0
2023-09-06 11:06:05,346 [INFO] ThirdParty:981 - CMSIS Pack Vendor :STMicroelectronics X-CUBE-EEPRMA1 4.1.0
2023-09-06 11:06:05,346 [INFO] ThirdParty:981 - CMSIS Pack Vendor :portGmbH I-Cube-SoM-uGOAL 1.1.0
2023-09-06 11:06:05,346 [INFO] ThirdParty:981 - CMSIS Pack Vendor :STMicroelectronics X-CUBE-ALS 1.0.1
2023-09-06 11:06:05,346 [INFO] ThirdParty:981 - CMSIS Pack Vendor :STMicroelectronics X-CUBE-MEMS1 9.5.0
2023-09-06 11:06:05,346 [INFO] ThirdParty:981 - CMSIS Pack Vendor :STMicroelectronics ThreadX 1.0.0
2023-09-06 11:06:05,346 [INFO] ThirdParty:981 - CMSIS Pack Vendor :STMicroelectronics X-CUBE-AZRTOS-WB 1.1.0
2023-09-06 11:06:05,346 [INFO] ThirdParty:981 - CMSIS Pack Vendor :STMicroelectronics X-CUBE-AZRTOS-WL 2.0.0
2023-09-06 11:06:05,346 [INFO] ThirdParty:981 - CMSIS Pack Vendor :SEGGER I-CUBE-embOS 1.3.1
2023-09-06 11:06:05,347 [INFO] ThirdParty:981 - CMSIS Pack Vendor :STMicroelectronics X-CUBE-AZRTOS-L5 1.0.0
2023-09-06 11:06:05,347 [INFO] ThirdParty:981 - CMSIS Pack Vendor :STMicroelectronics USB_DEVICE 1.0.0
2023-09-06 11:06:05,347 [INFO] ThirdParty:981 - CMSIS Pack Vendor :STMicroelectronics X-CUBE-AI 8.1.0
2023-09-06 11:06:05,347 [INFO] ThirdParty:981 - CMSIS Pack Vendor :STMicroelectronics X-CUBE-EEPRMA1 3.1.1
2023-09-06 11:06:05,347 [INFO] ThirdParty:981 - CMSIS Pack Vendor :STMicroelectronics X-CUBE-AZRTOS-L4 2.0.0
2023-09-06 11:06:05,347 [INFO] ThirdParty:981 - CMSIS Pack Vendor :STMicroelectronics ThreadX 0.0.2
2023-09-06 11:06:05,347 [INFO] ThirdParty:981 - CMSIS Pack Vendor :WES I-CUBE-Cesium 1.3.0
2023-09-06 11:06:05,347 [INFO] ThirdParty:981 - CMSIS Pack Vendor :STMicroelectronics FP-ATR-ASTRA1 2.0.0
2023-09-06 11:06:05,347 [INFO] ThirdParty:981 - CMSIS Pack Vendor :STMicroelectronics lwIP 2.1.2
2023-09-06 11:06:05,347 [INFO] ThirdParty:981 - CMSIS Pack Vendor :STMicroelectronics X-CUBE-SFXS2LP1 4.0.0
2023-09-06 11:06:05,347 [INFO] ThirdParty:981 - CMSIS Pack Vendor :STMicroelectronics X-CUBE-BLE2 3.3.0
2023-09-06 11:06:05,347 [INFO] ThirdParty:981 - CMSIS Pack Vendor :STMicroelectronics X-CUBE-DISPLAY 2.2.0
2023-09-06 11:06:05,347 [INFO] ThirdParty:981 - CMSIS Pack Vendor :STMicroelectronics X-CUBE-TOF1 3.2.0
2023-09-06 11:06:05,347 [INFO] ThirdParty:981 - CMSIS Pack Vendor :STMicroelectronics PDM2PCM 3.2.0
2023-09-06 11:06:05,347 [INFO] ThirdParty:981 - CMSIS Pack Vendor :STMicroelectronics X-CUBE-AZRTOS-H7 3.0.0
2023-09-06 11:06:05,347 [INFO] ThirdParty:797 - exiting critical section [change project]
2023-09-06 11:06:05,607 [INFO] PinOutPanel:1468 - setPackage(No Configuration,No Configuration)
2023-09-06 11:06:05,609 [INFO] PinOutPanel:1468 - setPackage(STM32F103C6Ux,UFQFPN48)
2023-09-06 11:06:06,026 [INFO] UtilMem:74 - Before build in PCC Used Memory: 567086672 Bytes (688914432)
2023-09-06 11:06:06,650 [INFO] UtilMem:74 - After build in PCC Used Memory: 589194328 Bytes (688914432)
2023-09-06 11:06:06,666 [INFO] IPUIPlugin:79 - create IPUIPlugin
2023-09-06 11:06:06,667 [INFO] IPUIPlugin:79 - create IPUIPlugin
2023-09-06 11:06:06,667 [INFO] IPUIPlugin:79 - create IPUIPlugin
2023-09-06 11:06:06,667 [INFO] IPUIPlugin:79 - create IPUIPlugin
2023-09-06 11:06:06,667 [INFO] IPUIPlugin:79 - create IPUIPlugin
2023-09-06 11:06:06,667 [INFO] IPUIPlugin:79 - create IPUIPlugin
2023-09-06 11:06:06,667 [INFO] IPUIPlugin:79 - create IPUIPlugin
2023-09-06 11:06:06,667 [INFO] IPUIPlugin:79 - create IPUIPlugin
2023-09-06 11:06:06,667 [INFO] IPUIPlugin:79 - create IPUIPlugin
2023-09-06 11:06:06,668 [INFO] IPUIPlugin:79 - create IPUIPlugin
2023-09-06 11:06:06,668 [INFO] IPUIPlugin:79 - create IPUIPlugin
2023-09-06 11:06:06,668 [INFO] IPUIPlugin:79 - create IPUIPlugin
2023-09-06 11:06:06,668 [INFO] IPUIPlugin:79 - create IPUIPlugin
2023-09-06 11:06:06,669 [INFO] IPUIPlugin:79 - create IPUIPlugin
2023-09-06 11:06:06,669 [INFO] IPUIPlugin:79 - create IPUIPlugin
2023-09-06 11:06:06,669 [INFO] IPUIPlugin:79 - create IPUIPlugin
2023-09-06 11:06:06,669 [INFO] IPUIPlugin:79 - create IPUIPlugin
2023-09-06 11:06:06,669 [INFO] IPUIPlugin:79 - create IPUIPlugin
2023-09-06 11:06:06,670 [INFO] IPUIPlugin:79 - create IPUIPlugin
2023-09-06 11:06:06,670 [INFO] IPUIPlugin:79 - create IPUIPlugin
2023-09-06 11:06:06,670 [INFO] IPUIPlugin:79 - create IPUIPlugin
2023-09-06 11:06:06,671 [INFO] IPUIPlugin:79 - create IPUIPlugin
2023-09-06 11:06:06,671 [INFO] IPUIPlugin:79 - create IPUIPlugin
2023-09-06 11:06:06,922 [INFO] OpenFileManager:327 - Restore cursor
2023-09-06 11:06:07,798 [INFO] UtilMem:74 - End SaveConfig() Used Memory: 583633008 Bytes (688914432)
2023-09-06 11:06:09,527 [ERROR] FileExtend:454 - File entry not found
2023-09-06 11:06:09,528 [INFO] FileExtend:239 - Unzip File : stm32cube_fw_f1_v180.zip
2023-09-06 11:06:09,528 [INFO] FileExtend:254 - Standard Zip Deflate
2023-09-06 11:06:26,664 [INFO] ServerAccessManage:474 - Download File stm32cube_fw_f1_v185.zip
2023-09-06 11:07:21,062 [INFO] FileExtend:239 - Unzip File : stm32cube_fw_f1_v185.zip
2023-09-06 11:07:21,062 [INFO] FileExtend:254 - Standard Zip Deflate
2023-09-06 11:07:28,296 [INFO] LoadServerPackagesThread:190 - End of LoadServerPackages Thread
2023-09-06 11:07:28,473 [INFO] ThirdPartyModel:289 - Start build external matchings
2023-09-06 11:07:28,477 [INFO] UtilMem:74 - End SaveConfig() Used Memory: 547986200 Bytes (1073741824)
2023-09-06 11:07:29,494 [INFO] BlockDiagram:2753 - set Specific Code input for plugin: NVIC
2023-09-06 11:07:29,494 [INFO] BlockDiagram:2753 - set Specific Code input for plugin: RCC
2023-09-06 11:07:29,496 [INFO] CodeGenerator:690 - code generatio: config db path: D:\STM32CubeIDE_1.10.0\STM32CubeIDE\plugins\com.st.stm32cube.common.mx_6.6.0.202206222154\\db\
2023-09-06 11:07:30,189 [INFO] CodeEngine:245 - oldGeneratedFile, D:\MCU_LAB\Microcontrollers_Microprocessors\MCU_1\MXTmpFiles\license.tmp_save
2023-09-06 11:07:30,624 [INFO] CodeEngine:269 - Generated code: D:\MCU_LAB\Microcontrollers_Microprocessors\MCU_1\MXTmpFiles\license.tmp
2023-09-06 11:07:30,646 [INFO] CodeEngine:245 - oldGeneratedFile, D:\MCU_LAB\Microcontrollers_Microprocessors\MCU_1\Core\Src\stm32f1xx_it.c_save
2023-09-06 11:07:30,851 [INFO] CodeEngine:269 - Generated code: D:\MCU_LAB\Microcontrollers_Microprocessors\MCU_1\Core\Src\stm32f1xx_it.c
2023-09-06 11:07:30,859 [INFO] CodeEngine:245 - oldGeneratedFile, D:\MCU_LAB\Microcontrollers_Microprocessors\MCU_1\Core\Inc\stm32f1xx_it.h_save
2023-09-06 11:07:30,950 [INFO] CodeEngine:269 - Generated code: D:\MCU_LAB\Microcontrollers_Microprocessors\MCU_1\Core\Inc\stm32f1xx_it.h
2023-09-06 11:07:31,164 [INFO] CodeEngine:245 - oldGeneratedFile, D:\MCU_LAB\Microcontrollers_Microprocessors\MCU_1\Core\Src\stm32f1xx_hal_msp.c_save
2023-09-06 11:07:31,394 [INFO] CodeEngine:269 - Generated code: D:\MCU_LAB\Microcontrollers_Microprocessors\MCU_1\Core\Src\stm32f1xx_hal_msp.c
2023-09-06 11:07:31,408 [INFO] CodeEngine:245 - oldGeneratedFile, D:\MCU_LAB\Microcontrollers_Microprocessors\MCU_1\MXTmpFiles\system.tmp_save
2023-09-06 11:07:31,528 [INFO] CodeEngine:269 - Generated code: D:\MCU_LAB\Microcontrollers_Microprocessors\MCU_1\MXTmpFiles\system.tmp
2023-09-06 11:07:31,546 [INFO] CodeEngine:245 - oldGeneratedFile, D:\MCU_LAB\Microcontrollers_Microprocessors\MCU_1\Core\Inc\stm32f1xx_hal_conf.h_save
2023-09-06 11:07:31,763 [INFO] CodeEngine:269 - Generated code: D:\MCU_LAB\Microcontrollers_Microprocessors\MCU_1\Core\Inc\stm32f1xx_hal_conf.h
2023-09-06 11:07:31,833 [INFO] CodeEngine:245 - oldGeneratedFile, D:\MCU_LAB\Microcontrollers_Microprocessors\MCU_1\Core\Inc\main.h_save
2023-09-06 11:07:31,947 [INFO] ThirdPartyModel:302 - End build external matchings
2023-09-06 11:07:31,971 [INFO] CodeEngine:269 - Generated code: D:\MCU_LAB\Microcontrollers_Microprocessors\MCU_1\Core\Inc\main.h
2023-09-06 11:07:31,974 [INFO] CheckServerUpdateThread:119 - End of CheckServer Thread
2023-09-06 11:07:31,981 [INFO] CodeEngine:245 - oldGeneratedFile, D:\MCU_LAB\Microcontrollers_Microprocessors\MCU_1\Core\Src\main.c_save
2023-09-06 11:07:32,153 [INFO] CodeEngine:269 - Generated code: D:\MCU_LAB\Microcontrollers_Microprocessors\MCU_1\Core\Src\main.c
2023-09-06 11:07:32,628 [INFO] ProjectBuilder:2919 - Time for Copy HAL[1] : 65mS.
2023-09-06 11:07:32,637 [INFO] ProjectBuilder:4115 - Project Generator version: 3.17.1
2023-09-06 11:07:32,876 [INFO] ConfigFileManager:1394 - The Die is : DIE412
2023-09-06 11:07:32,895 [INFO] ApiDbMcu:505 - Load IP Config File for FATFS
2023-09-06 11:07:32,927 [INFO] ApiDbMcu:505 - Load IP Config File for FREERTOS
2023-09-06 11:07:32,950 [INFO] ApiDbMcu:505 - Load IP Config File for USB_DEVICE
2023-09-06 11:07:37,832 [INFO] ProjectBuilder:4283 - Time for Generating toolchain IDE Files: 5195mS.
2023-09-06 11:07:37,833 [INFO] ProjectBuilder:2790 - Time for Copy CMSIS : 0mS.
2023-09-06 11:07:37,834 [INFO] ProjectBuilder:2790 - Time for Copy CMSIS : 0mS.
2023-09-06 11:07:38,589 [INFO] McuFinderGlobals:57 - Set McuFinderConnectedMode to true
2023-09-06 11:07:38,590 [INFO] ApiDb:443 - Save user favorites file C:\Users\Windows/.stm32cubeide/favorites.mcus.txt: 0 item(s)
2023-09-06 11:07:38,591 [INFO] ApiDb:447 - User favorites MCUs=[]
2023-09-06 11:10:05,735 [INFO] DmaTabbedPanel:202 - Cannot restore the selected Tab for DMA
2023-09-06 11:12:34,262 [INFO] UtilMem:74 - End SaveConfig() Used Memory: 740983720 Bytes (1073741824)
2023-09-06 11:12:37,637 [INFO] UtilMem:74 - End SaveConfig() Used Memory: 510441072 Bytes (1073741824)
2023-09-06 11:12:39,463 [INFO] UtilMem:74 - End SaveConfig() Used Memory: 592103088 Bytes (1073741824)
2023-09-06 11:12:39,776 [INFO] BlockDiagram:2753 - set Specific Code input for plugin: NVIC
2023-09-06 11:12:39,777 [INFO] BlockDiagram:2753 - set Specific Code input for plugin: SYS
2023-09-06 11:12:39,777 [INFO] BlockDiagram:2753 - set Specific Code input for plugin: GPIO
2023-09-06 11:12:39,777 [INFO] BlockDiagram:2753 - set Specific Code input for plugin: RCC
2023-09-06 11:12:39,778 [INFO] CodeGenerator:690 - code generatio: config db path: D:\STM32CubeIDE_1.10.0\STM32CubeIDE\plugins\com.st.stm32cube.common.mx_6.6.0.202206222154\\db\
2023-09-06 11:12:39,944 [INFO] CodeEngine:245 - oldGeneratedFile, D:\MCU_LAB\Microcontrollers_Microprocessors\MCU_1\MXTmpFiles\license.tmp_save
2023-09-06 11:12:40,099 [INFO] CodeEngine:269 - Generated code: D:\MCU_LAB\Microcontrollers_Microprocessors\MCU_1\MXTmpFiles\license.tmp
2023-09-06 11:12:40,119 [INFO] CodeEngine:245 - oldGeneratedFile, D:\MCU_LAB\Microcontrollers_Microprocessors\MCU_1\MXTmpFiles\gpio.tmp_save
2023-09-06 11:12:40,270 [INFO] CodeEngine:269 - Generated code: D:\MCU_LAB\Microcontrollers_Microprocessors\MCU_1\MXTmpFiles\gpio.tmp
2023-09-06 11:12:40,293 [INFO] CodeEngine:245 - oldGeneratedFile, D:\MCU_LAB\Microcontrollers_Microprocessors\MCU_1\Core\Src\stm32f1xx_it.c_save
2023-09-06 11:12:40,390 [INFO] CodeEngine:269 - Generated code: D:\MCU_LAB\Microcontrollers_Microprocessors\MCU_1\Core\Src\stm32f1xx_it.c
2023-09-06 11:12:40,394 [INFO] CodeEngine:245 - oldGeneratedFile, D:\MCU_LAB\Microcontrollers_Microprocessors\MCU_1\Core\Inc\stm32f1xx_it.h_save
2023-09-06 11:12:40,452 [INFO] CodeEngine:269 - Generated code: D:\MCU_LAB\Microcontrollers_Microprocessors\MCU_1\Core\Inc\stm32f1xx_it.h
2023-09-06 11:12:40,468 [INFO] CodeEngine:245 - oldGeneratedFile, D:\MCU_LAB\Microcontrollers_Microprocessors\MCU_1\Core\Src\stm32f1xx_hal_msp.c_save
2023-09-06 11:12:40,585 [INFO] CodeEngine:269 - Generated code: D:\MCU_LAB\Microcontrollers_Microprocessors\MCU_1\Core\Src\stm32f1xx_hal_msp.c
2023-09-06 11:12:40,587 [INFO] CodeEngine:245 - oldGeneratedFile, D:\MCU_LAB\Microcontrollers_Microprocessors\MCU_1\MXTmpFiles\system.tmp_save
2023-09-06 11:12:40,651 [INFO] CodeEngine:269 - Generated code: D:\MCU_LAB\Microcontrollers_Microprocessors\MCU_1\MXTmpFiles\system.tmp
2023-09-06 11:12:40,664 [INFO] CodeEngine:245 - oldGeneratedFile, D:\MCU_LAB\Microcontrollers_Microprocessors\MCU_1\Core\Inc\stm32f1xx_hal_conf.h_save
2023-09-06 11:12:40,772 [INFO] CodeEngine:269 - Generated code: D:\MCU_LAB\Microcontrollers_Microprocessors\MCU_1\Core\Inc\stm32f1xx_hal_conf.h
2023-09-06 11:12:40,808 [INFO] CodeEngine:245 - oldGeneratedFile, D:\MCU_LAB\Microcontrollers_Microprocessors\MCU_1\Core\Inc\main.h_save
2023-09-06 11:12:40,890 [INFO] CodeEngine:269 - Generated code: D:\MCU_LAB\Microcontrollers_Microprocessors\MCU_1\Core\Inc\main.h
2023-09-06 11:12:40,902 [INFO] CodeEngine:245 - oldGeneratedFile, D:\MCU_LAB\Microcontrollers_Microprocessors\MCU_1\Core\Src\main.c_save
2023-09-06 11:12:40,998 [INFO] CodeEngine:269 - Generated code: D:\MCU_LAB\Microcontrollers_Microprocessors\MCU_1\Core\Src\main.c
2023-09-06 11:12:41,532 [INFO] ProjectBuilder:2919 - Time for Copy HAL[1] : 78mS.
2023-09-06 11:12:41,535 [INFO] ProjectBuilder:4115 - Project Generator version: 3.17.1
2023-09-06 11:12:41,832 [INFO] ConfigFileManager:1394 - The Die is : DIE412
2023-09-06 11:12:43,382 [INFO] ProjectBuilder:4283 - Time for Generating toolchain IDE Files: 1847mS.
2023-09-06 11:12:43,382 [INFO] ProjectBuilder:2790 - Time for Copy CMSIS : 0mS.
2023-09-06 11:12:43,384 [INFO] ProjectBuilder:2790 - Time for Copy CMSIS : 0mS.
2023-09-06 12:01:52,336 [ERROR] LogOutputStream:74 - [STDERR_REDIRECT] 
